{"meta": {"format": 3, "version": "7.9.1", "timestamp": "2026-04-16T20:05:11.608316", "branch_coverage": false, "show_contexts": false}, "files": {"aidlc/__init__.py": {"executed_lines": [1, 6], "summary": {"covered_lines": 1, "num_statements": 1, "percent_covered": 100.0, "percent_covered_display": "100", "missing_lines": 0, "excluded_lines": 0}, "missing_lines": [], "excluded_lines": [], "functions": {"": {"executed_lines": [1, 6], "summary": {"covered_lines": 1, "num_statements": 1, "percent_covered": 100.0, "percent_covered_display": "100", "missing_lines": 0, "excluded_lines": 0}, "missing_lines": [], "excluded_lines": []}}, "classes": {"": {"executed_lines": [1, 6], "summary": {"covered_lines": 1, "num_statements": 1, "percent_covered": 100.0, "percent_covered_display": "100", "missing_lines": 0, "excluded_lines": 0}, "missing_lines": [], "excluded_lines": []}}}, "aidlc/__main__.py": {"executed_lines": [1, 3, 4, 5, 7, 8, 9, 10, 11, 12, 18, 21, 24, 27, 30, 33, 36, 39, 40, 41, 44, 46, 47, 48, 49, 50, 51, 54, 58, 59, 62, 66, 70, 74, 78, 79, 82, 86, 90, 94, 98, 100, 101, 102, 104, 105, 143, 144, 160, 162, 164, 167, 168, 169, 170, 171, 173, 174, 175, 176, 181, 195, 196, 197, 199, 201, 203, 205, 207, 209, 210, 211, 213, 215, 217, 219, 221, 225, 226, 227, 232], "summary": {"covered_lines": 80, "num_statements": 146, "percent_covered": 54.794520547945204, "percent_covered_display": "55", "missing_lines": 66, "excluded_lines": 0}, "missing_lines": [55, 63, 67, 71, 75, 83, 87, 91, 95, 106, 107, 112, 116, 117, 118, 119, 120, 121, 123, 124, 125, 126, 128, 129, 130, 131, 133, 134, 135, 136, 137, 138, 139, 140, 141, 145, 147, 148, 149, 150, 151, 152, 153, 154, 155, 156, 157, 158, 161, 163, 165, 177, 178, 179, 200, 202, 204, 206, 208, 212, 214, 216, 218, 220, 223, 233], "excluded_lines": [], "functions": {"parse_budget": {"executed_lines": [46, 47, 48, 49, 50, 51], "summary": {"covered_lines": 6, "num_statements": 6, "percent_covered": 100.0, "percent_covered_display": "100", "missing_lines": 0, "excluded_lines": 0}, "missing_lines": [], "excluded_lines": []}, "cmd_precheck": {"executed_lines": [], "summary": {"covered_lines": 0, "num_statements": 1, "percent_covered": 0.0, "percent_covered_display": "0", "missing_lines": 1, "excluded_lines": 0}, "missing_lines": [55], "excluded_lines": []}, "cmd_init": {"executed_lines": [59], "summary": {"covered_lines": 1, "num_statements": 1, "percent_covered": 100.0, "percent_covered_display": "100", "missing_lines": 0, "excluded_lines": 0}, "missing_lines": [], "excluded_lines": []}, "cmd_audit": {"executed_lines": [], "summary": {"covered_lines": 0, "num_statements": 1, "percent_covered": 0.0, "percent_covered_display": "0", "missing_lines": 1, "excluded_lines": 0}, "missing_lines": [63], "excluded_lines": []}, "cmd_improve": {"executed_lines": [], "summary": {"covered_lines": 0, "num_statements": 1, "percent_covered": 0.0, "percent_covered_display": "0", "missing_lines": 1, "excluded_lines": 0}, "missing_lines": [67], "excluded_lines": []}, "cmd_plan": {"executed_lines": [], "summary": {"covered_lines": 0, "num_statements": 1, "percent_covered": 0.0, "percent_covered_display": "0", "missing_lines": 1, "excluded_lines": 0}, "missing_lines": [71], "excluded_lines": []}, "cmd_finalize": {"executed_lines": [], "summary": {"covered_lines": 0, "num_statements": 1, "percent_covered": 0.0, "percent_covered_display": "0", "missing_lines": 1, "excluded_lines": 0}, "missing_lines": [75], "excluded_lines": []}, "cmd_status": {"executed_lines": [79], "summary": {"covered_lines": 1, "num_statements": 1, "percent_covered": 100.0, "percent_covered_display": "100", "missing_lines": 0, "excluded_lines": 0}, "missing_lines": [], "excluded_lines": []}, "cmd_accounts": {"executed_lines": [], "summary": {"covered_lines": 0, "num_statements": 1, "percent_covered": 0.0, "percent_covered_display": "0", "missing_lines": 1, "excluded_lines": 0}, "missing_lines": [83], "excluded_lines": []}, "cmd_provider": {"executed_lines": [], "summary": {"covered_lines": 0, "num_statements": 1, "percent_covered": 0.0, "percent_covered_display": "0", "missing_lines": 1, "excluded_lines": 0}, "missing_lines": [87], "excluded_lines": []}, "cmd_usage": {"executed_lines": [], "summary": {"covered_lines": 0, "num_statements": 1, "percent_covered": 0.0, "percent_covered_display": "0", "missing_lines": 1, "excluded_lines": 0}, "missing_lines": [91], "excluded_lines": []}, "cmd_config_show": {"executed_lines": [], "summary": {"covered_lines": 0, "num_statements": 1, "percent_covered": 0.0, "percent_covered_display": "0", "missing_lines": 1, "excluded_lines": 0}, "missing_lines": [95], "excluded_lines": []}, "cmd_run": {"executed_lines": [100, 101, 102, 104, 105, 143, 144, 160, 162, 164, 167, 168, 169, 170, 171, 173, 174, 175, 176, 181], "summary": {"covered_lines": 20, "num_statements": 65, "percent_covered": 30.76923076923077, "percent_covered_display": "31", "missing_lines": 45, "excluded_lines": 0}, "missing_lines": [106, 107, 112, 116, 117, 118, 119, 120, 121, 123, 124, 125, 126, 128, 129, 130, 131, 133, 134, 135, 136, 137, 138, 139, 140, 141, 145, 147, 148, 149, 150, 151, 152, 153, 154, 155, 156, 157, 158, 161, 163, 165, 177, 178, 179], "excluded_lines": []}, "main": {"executed_lines": [196, 197, 199, 201, 203, 205, 207, 209, 210, 211, 213, 215, 217, 219, 221, 225, 226, 227], "summary": {"covered_lines": 18, "num_statements": 29, "percent_covered": 62.06896551724138, "percent_covered_display": "62", "missing_lines": 11, "excluded_lines": 0}, "missing_lines": [200, 202, 204, 206, 208, 212, 214, 216, 218, 220, 223], "excluded_lines": []}, "": {"executed_lines": [1, 3, 4, 5, 7, 8, 9, 10, 11, 12, 18, 21, 24, 27, 30, 33, 36, 39, 40, 41, 44, 54, 58, 62, 66, 70, 74, 78, 82, 86, 90, 94, 98, 195, 232], "summary": {"covered_lines": 34, "num_statements": 35, "percent_covered": 97.14285714285714, "percent_covered_display": "97", "missing_lines": 1, "excluded_lines": 0}, "missing_lines": [233], "excluded_lines": []}}, "classes": {"": {"executed_lines": [1, 3, 4, 5, 7, 8, 9, 10, 11, 12, 18, 21, 24, 27, 30, 33, 36, 39, 40, 41, 44, 46, 47, 48, 49, 50, 51, 54, 58, 59, 62, 66, 70, 74, 78, 79, 82, 86, 90, 94, 98, 100, 101, 102, 104, 105, 143, 144, 160, 162, 164, 167, 168, 169, 170, 171, 173, 174, 175, 176, 181, 195, 196, 197, 199, 201, 203, 205, 207, 209, 210, 211, 213, 215, 217, 219, 221, 225, 226, 227, 232], "summary": {"covered_lines": 80, "num_statements": 146, "percent_covered": 54.794520547945204, "percent_covered_display": "55", "missing_lines": 66, "excluded_lines": 0}, "missing_lines": [55, 63, 67, 71, 75, 83, 87, 91, 95, 106, 107, 112, 116, 117, 118, 119, 120, 121, 123, 124, 125, 126, 128, 129, 130, 131, 133, 134, 135, 136, 137, 138, 139, 140, 141, 145, 147, 148, 149, 150, 151, 152, 153, 154, 155, 156, 157, 158, 161, 163, 165, 177, 178, 179, 200, 202, 204, 206, 208, 212, 214, 216, 218, 220, 223, 233], "excluded_lines": []}}}, "aidlc/accounts/__init__.py": {"executed_lines": [1, 3, 4, 5, 7], "summary": {"covered_lines": 4, "num_statements": 4, "percent_covered": 100.0, "percent_covered_display": "100", "missing_lines": 0, "excluded_lines": 0}, "missing_lines": [], "excluded_lines": [], "functions": {"": {"executed_lines": [1, 3, 4, 5, 7], "summary": {"covered_lines": 4, "num_statements": 4, "percent_covered": 100.0, "percent_covered_display": "100", "missing_lines": 0, "excluded_lines": 0}, "missing_lines": [], "excluded_lines": []}}, "classes": {"": {"executed_lines": [1, 3, 4, 5, 7], "summary": {"covered_lines": 4, "num_statements": 4, "percent_covered": 100.0, "percent_covered_display": "100", "missing_lines": 0, "excluded_lines": 0}, "missing_lines": [], "excluded_lines": []}}}, "aidlc/accounts/credentials.py": {"executed_lines": [1, 8, 9, 10, 11, 12, 14, 16, 17, 20, 30, 31, 42, 49, 63, 77, 103, 108, 116, 125], "summary": {"covered_lines": 18, "num_statements": 83, "percent_covered": 21.686746987951807, "percent_covered_display": "22", "missing_lines": 65, "excluded_lines": 0}, "missing_lines": [22, 23, 25, 26, 27, 43, 44, 45, 46, 47, 51, 52, 53, 54, 55, 56, 58, 59, 60, 61, 65, 66, 67, 68, 69, 70, 71, 74, 75, 79, 80, 81, 82, 85, 86, 87, 88, 89, 90, 91, 92, 95, 96, 97, 98, 100, 101, 105, 106, 109, 110, 114, 117, 118, 119, 120, 121, 122, 123, 126, 127, 128, 130, 131, 132], "excluded_lines": [], "functions": {"_try_keyring_import": {"executed_lines": [], "summary": {"covered_lines": 0, "num_statements": 5, "percent_covered": 0.0, "percent_covered_display": "0", "missing_lines": 5, "excluded_lines": 0}, "missing_lines": [22, 23, 25, 26, 27], "excluded_lines": []}, "CredentialStore.__init__": {"executed_lines": [], "summary": {"covered_lines": 0, "num_statements": 5, "percent_covered": 0.0, "percent_covered_display": "0", "missing_lines": 5, "excluded_lines": 0}, "missing_lines": [43, 44, 45, 46, 47], "excluded_lines": []}, "CredentialStore.store": {"executed_lines": [], "summary": {"covered_lines": 0, "num_statements": 10, "percent_covered": 0.0, "percent_covered_display": "0", "missing_lines": 10, "excluded_lines": 0}, "missing_lines": [51, 52, 53, 54, 55, 56, 58, 59, 60, 61], "excluded_lines": []}, "CredentialStore.get": {"executed_lines": [], "summary": {"covered_lines": 0, "num_statements": 9, "percent_covered": 0.0, "percent_covered_display": "0", "missing_lines": 9, "excluded_lines": 0}, "missing_lines": [65, 66, 67, 68, 69, 70, 71, 74, 75], "excluded_lines": []}, "CredentialStore.delete": {"executed_lines": [], "summary": {"covered_lines": 0, "num_statements": 18, "percent_covered": 0.0, "percent_covered_display": "0", "missing_lines": 18, "excluded_lines": 0}, "missing_lines": [79, 80, 81, 82, 85, 86, 87, 88, 89, 90, 91, 92, 95, 96, 97, 98, 100, 101], "excluded_lines": []}, "CredentialStore.list_account_keys": {"executed_lines": [], "summary": {"covered_lines": 0, "num_statements": 2, "percent_covered": 0.0, "percent_covered_display": "0", "missing_lines": 2, "excluded_lines": 0}, "missing_lines": [105, 106], "excluded_lines": []}, "CredentialStore._warn_plaintext": {"executed_lines": [], "summary": {"covered_lines": 0, "num_statements": 3, "percent_covered": 0.0, "percent_covered_display": "0", "missing_lines": 3, "excluded_lines": 0}, "missing_lines": [109, 110, 114], "excluded_lines": []}, "CredentialStore._load_fallback": {"executed_lines": [], "summary": {"covered_lines": 0, "num_statements": 7, "percent_covered": 0.0, "percent_covered_display": "0", "missing_lines": 7, "excluded_lines": 0}, "missing_lines": [117, 118, 119, 120, 121, 122, 123], "excluded_lines": []}, "CredentialStore._save_fallback": {"executed_lines": [], "summary": {"covered_lines": 0, "num_statements": 6, "percent_covered": 0.0, "percent_covered_display": "0", "missing_lines": 6, "excluded_lines": 0}, "missing_lines": [126, 127, 128, 130, 131, 132], "excluded_lines": []}, "": {"executed_lines": [1, 8, 9, 10, 11, 12, 14, 16, 17, 20, 30, 31, 42, 49, 63, 77, 103, 108, 116, 125], "summary": {"covered_lines": 18, "num_statements": 18, "percent_covered": 100.0, "percent_covered_display": "100", "missing_lines": 0, "excluded_lines": 0}, "missing_lines": [], "excluded_lines": []}}, "classes": {"CredentialStore": {"executed_lines": [], "summary": {"covered_lines": 0, "num_statements": 60, "percent_covered": 0.0, "percent_covered_display": "0", "missing_lines": 60, "excluded_lines": 0}, "missing_lines": [43, 44, 45, 46, 47, 51, 52, 53, 54, 55, 56, 58, 59, 60, 61, 65, 66, 67, 68, 69, 70, 71, 74, 75, 79, 80, 81, 82, 85, 86, 87, 88, 89, 90, 91, 92, 95, 96, 97, 98, 100, 101, 105, 106, 109, 110, 114, 117, 118, 119, 120, 121, 122, 123, 126, 127, 128, 130, 131, 132], "excluded_lines": []}, "": {"executed_lines": [1, 8, 9, 10, 11, 12, 14, 16, 17, 20, 30, 31, 42, 49, 63, 77, 103, 108, 116, 125], "summary": {"covered_lines": 18, "num_statements": 23, "percent_covered": 78.26086956521739, "percent_covered_display": "78", "missing_lines": 5, "excluded_lines": 0}, "missing_lines": [22, 23, 25, 26, 27], "excluded_lines": []}}}, "aidlc/accounts/manager.py": {"executed_lines": [1, 7, 9, 10, 11, 12, 13, 14, 16, 17, 19, 22, 23, 39, 55, 70, 82, 93, 99, 111, 117, 121, 125, 133, 168, 179, 182, 185, 192, 231], "summary": {"covered_lines": 28, "num_statements": 121, "percent_covered": 23.140495867768596, "percent_covered_display": "23", "missing_lines": 93, "excluded_lines": 0}, "missing_lines": [45, 46, 47, 48, 49, 57, 58, 59, 60, 61, 62, 64, 65, 66, 67, 68, 71, 72, 73, 74, 75, 76, 84, 85, 86, 89, 90, 91, 95, 96, 97, 101, 102, 103, 104, 105, 106, 107, 108, 109, 113, 114, 115, 119, 123, 127, 147, 148, 149, 151, 152, 153, 154, 155, 158, 159, 160, 162, 164, 165, 166, 170, 171, 172, 173, 180, 183, 186, 199, 200, 201, 203, 205, 206, 207, 208, 209, 210, 211, 212, 213, 214, 215, 216, 217, 225, 226, 227, 228, 232, 233, 234, 235], "excluded_lines": [], "functions": {"AccountManager.__init__": {"executed_lines": [], "summary": {"covered_lines": 0, "num_statements": 5, "percent_covered": 0.0, "percent_covered_display": "0", "missing_lines": 5, "excluded_lines": 0}, "missing_lines": [45, 46, 47, 48, 49], "excluded_lines": []}, "AccountManager._load_all": {"executed_lines": [], "summary": {"covered_lines": 0, "num_statements": 11, "percent_covered": 0.0, "percent_covered_display": "0", "missing_lines": 11, "excluded_lines": 0}, "missing_lines": [57, 58, 59, 60, 61, 62, 64, 65, 66, 67, 68], "excluded_lines": []}, "AccountManager._save_all": {"executed_lines": [], "summary": {"covered_lines": 0, "num_statements": 6, "percent_covered": 0.0, "percent_covered_display": "0", "missing_lines": 6, "excluded_lines": 0}, "missing_lines": [71, 72, 73, 74, 75, 76], "excluded_lines": []}, "AccountManager.add": {"executed_lines": [], "summary": {"covered_lines": 0, "num_statements": 6, "percent_covered": 0.0, "percent_covered_display": "0", "missing_lines": 6, "excluded_lines": 0}, "missing_lines": [84, 85, 86, 89, 90, 91], "excluded_lines": []}, "AccountManager.update": {"executed_lines": [], "summary": {"covered_lines": 0, "num_statements": 3, "percent_covered": 0.0, "percent_covered_display": "0", "missing_lines": 3, "excluded_lines": 0}, "missing_lines": [95, 96, 97], "excluded_lines": []}, "AccountManager.remove": {"executed_lines": [], "summary": {"covered_lines": 0, "num_statements": 9, "percent_covered": 0.0, "percent_covered_display": "0", "missing_lines": 9, "excluded_lines": 0}, "missing_lines": [101, 102, 103, 104, 105, 106, 107, 108, 109], "excluded_lines": []}, "AccountManager.get": {"executed_lines": [], "summary": {"covered_lines": 0, "num_statements": 3, "percent_covered": 0.0, "percent_covered_display": "0", "missing_lines": 3, "excluded_lines": 0}, "missing_lines": [113, 114, 115], "excluded_lines": []}, "AccountManager.list": {"executed_lines": [], "summary": {"covered_lines": 0, "num_statements": 1, "percent_covered": 0.0, "percent_covered_display": "0", "missing_lines": 1, "excluded_lines": 0}, "missing_lines": [119], "excluded_lines": []}, "AccountManager.by_provider": {"executed_lines": [], "summary": {"covered_lines": 0, "num_statements": 1, "percent_covered": 0.0, "percent_covered_display": "0", "missing_lines": 1, "excluded_lines": 0}, "missing_lines": [123], "excluded_lines": []}, "AccountManager.enabled": {"executed_lines": [], "summary": {"covered_lines": 0, "num_statements": 1, "percent_covered": 0.0, "percent_covered_display": "0", "missing_lines": 1, "excluded_lines": 0}, "missing_lines": [127], "excluded_lines": []}, "AccountManager.validate": {"executed_lines": [], "summary": {"covered_lines": 0, "num_statements": 15, "percent_covered": 0.0, "percent_covered_display": "0", "missing_lines": 15, "excluded_lines": 0}, "missing_lines": [147, 148, 149, 151, 152, 153, 154, 155, 158, 159, 160, 162, 164, 165, 166], "excluded_lines": []}, "AccountManager.mark_used": {"executed_lines": [], "summary": {"covered_lines": 0, "num_statements": 4, "percent_covered": 0.0, "percent_covered_display": "0", "missing_lines": 4, "excluded_lines": 0}, "missing_lines": [170, 171, 172, 173], "excluded_lines": []}, "AccountManager.store_credential": {"executed_lines": [], "summary": {"covered_lines": 0, "num_statements": 1, "percent_covered": 0.0, "percent_covered_display": "0", "missing_lines": 1, "excluded_lines": 0}, "missing_lines": [180], "excluded_lines": []}, "AccountManager.get_credential": {"executed_lines": [], "summary": {"covered_lines": 0, "num_statements": 1, "percent_covered": 0.0, "percent_covered_display": "0", "missing_lines": 1, "excluded_lines": 0}, "missing_lines": [183], "excluded_lines": []}, "AccountManager.delete_credentials": {"executed_lines": [], "summary": {"covered_lines": 0, "num_statements": 1, "percent_covered": 0.0, "percent_covered_display": "0", "missing_lines": 1, "excluded_lines": 0}, "missing_lines": [186], "excluded_lines": []}, "AccountManager.ensure_default_accounts": {"executed_lines": [], "summary": {"covered_lines": 0, "num_statements": 21, "percent_covered": 0.0, "percent_covered_display": "0", "missing_lines": 21, "excluded_lines": 0}, "missing_lines": [199, 200, 201, 203, 205, 206, 207, 208, 209, 210, 211, 212, 213, 214, 215, 216, 217, 225, 226, 227, 228], "excluded_lines": []}, "_parse_tier": {"executed_lines": [], "summary": {"covered_lines": 0, "num_statements": 4, "percent_covered": 0.0, "percent_covered_display": "0", "missing_lines": 4, "excluded_lines": 0}, "missing_lines": [232, 233, 234, 235], "excluded_lines": []}, "": {"executed_lines": [1, 7, 9, 10, 11, 12, 13, 14, 16, 17, 19, 22, 23, 39, 55, 70, 82, 93, 99, 111, 117, 121, 125, 133, 168, 179, 182, 185, 192, 231], "summary": {"covered_lines": 28, "num_statements": 28, "percent_covered": 100.0, "percent_covered_display": "100", "missing_lines": 0, "excluded_lines": 0}, "missing_lines": [], "excluded_lines": []}}, "classes": {"AccountManager": {"executed_lines": [], "summary": {"covered_lines": 0, "num_statements": 89, "percent_covered": 0.0, "percent_covered_display": "0", "missing_lines": 89, "excluded_lines": 0}, "missing_lines": [45, 46, 47, 48, 49, 57, 58, 59, 60, 61, 62, 64, 65, 66, 67, 68, 71, 72, 73, 74, 75, 76, 84, 85, 86, 89, 90, 91, 95, 96, 97, 101, 102, 103, 104, 105, 106, 107, 108, 109, 113, 114, 115, 119, 123, 127, 147, 148, 149, 151, 152, 153, 154, 155, 158, 159, 160, 162, 164, 165, 166, 170, 171, 172, 173, 180, 183, 186, 199, 200, 201, 203, 205, 206, 207, 208, 209, 210, 211, 212, 213, 214, 215, 216, 217, 225, 226, 227, 228], "excluded_lines": []}, "": {"executed_lines": [1, 7, 9, 10, 11, 12, 13, 14, 16, 17, 19, 22, 23, 39, 55, 70, 82, 93, 99, 111, 117, 121, 125, 133, 168, 179, 182, 185, 192, 231], "summary": {"covered_lines": 28, "num_statements": 32, "percent_covered": 87.5, "percent_covered_display": "88", "missing_lines": 4, "excluded_lines": 0}, "missing_lines": [232, 233, 234, 235], "excluded_lines": []}}}, "aidlc/accounts/models.py": {"executed_lines": [1, 3, 4, 5, 8, 9, 10, 11, 12, 15, 16, 21, 22, 23, 24, 25, 26, 30, 31, 32, 33, 34, 35, 36, 38, 49, 50, 51, 53, 54, 55, 56, 57, 58, 59, 60, 61, 62, 63, 64, 66, 67, 69, 71, 72, 84, 85, 86, 88, 104, 105], "summary": {"covered_lines": 48, "num_statements": 68, "percent_covered": 70.58823529411765, "percent_covered_display": "71", "missing_lines": 20, "excluded_lines": 0}, "missing_lines": [74, 82, 89, 106, 111, 112, 113, 114, 115, 116, 117, 118, 119, 120, 121, 122, 123, 124, 125, 126], "excluded_lines": [], "functions": {"Account.is_premium": {"executed_lines": [69], "summary": {"covered_lines": 1, "num_statements": 1, "percent_covered": 100.0, "percent_covered_display": "100", "missing_lines": 0, "excluded_lines": 0}, "missing_lines": [], "excluded_lines": []}, "Account.tier_weight": {"executed_lines": [], "summary": {"covered_lines": 0, "num_statements": 2, "percent_covered": 0.0, "percent_covered_display": "0", "missing_lines": 2, "excluded_lines": 0}, "missing_lines": [74, 82], "excluded_lines": []}, "Account.is_usable": {"executed_lines": [86], "summary": {"covered_lines": 1, "num_statements": 1, "percent_covered": 100.0, "percent_covered_display": "100", "missing_lines": 0, "excluded_lines": 0}, "missing_lines": [], "excluded_lines": []}, "Account.to_dict": {"executed_lines": [], "summary": {"covered_lines": 0, "num_statements": 1, "percent_covered": 0.0, "percent_covered_display": "0", "missing_lines": 1, "excluded_lines": 0}, "missing_lines": [89], "excluded_lines": []}, "Account.from_dict": {"executed_lines": [], "summary": {"covered_lines": 0, "num_statements": 17, "percent_covered": 0.0, "percent_covered_display": "0", "missing_lines": 17, "excluded_lines": 0}, "missing_lines": [106, 111, 112, 113, 114, 115, 116, 117, 118, 119, 120, 121, 122, 123, 124, 125, 126], "excluded_lines": []}, "": {"executed_lines": [1, 3, 4, 5, 8, 9, 10, 11, 12, 15, 16, 21, 22, 23, 24, 25, 26, 30, 31, 32, 33, 34, 35, 36, 38, 49, 50, 51, 53, 54, 55, 56, 57, 58, 59, 60, 61, 62, 63, 64, 66, 67, 71, 72, 84, 85, 88, 104, 105], "summary": {"covered_lines": 46, "num_statements": 46, "percent_covered": 100.0, "percent_covered_display": "100", "missing_lines": 0, "excluded_lines": 0}, "missing_lines": [], "excluded_lines": []}}, "classes": {"AuthState": {"executed_lines": [], "summary": {"covered_lines": 0, "num_statements": 0, "percent_covered": 100.0, "percent_covered_display": "100", "missing_lines": 0, "excluded_lines": 0}, "missing_lines": [], "excluded_lines": []}, "MembershipTier": {"executed_lines": [], "summary": {"covered_lines": 0, "num_statements": 0, "percent_covered": 100.0, "percent_covered_display": "100", "missing_lines": 0, "excluded_lines": 0}, "missing_lines": [], "excluded_lines": []}, "Account": {"executed_lines": [69, 86], "summary": {"covered_lines": 2, "num_statements": 22, "percent_covered": 9.090909090909092, "percent_covered_display": "9", "missing_lines": 20, "excluded_lines": 0}, "missing_lines": [74, 82, 89, 106, 111, 112, 113, 114, 115, 116, 117, 118, 119, 120, 121, 122, 123, 124, 125, 126], "excluded_lines": []}, "": {"executed_lines": [1, 3, 4, 5, 8, 9, 10, 11, 12, 15, 16, 21, 22, 23, 24, 25, 26, 30, 31, 32, 33, 34, 35, 36, 38, 49, 50, 51, 53, 54, 55, 56, 57, 58, 59, 60, 61, 62, 63, 64, 66, 67, 71, 72, 84, 85, 88, 104, 105], "summary": {"covered_lines": 46, "num_statements": 46, "percent_covered": 100.0, "percent_covered_display": "100", "missing_lines": 0, "excluded_lines": 0}, "missing_lines": [], "excluded_lines": []}}}, "aidlc/audit/__init__.py": {"executed_lines": [1], "summary": {"covered_lines": 0, "num_statements": 0, "percent_covered": 100.0, "percent_covered_display": "100", "missing_lines": 0, "excluded_lines": 0}, "missing_lines": [], "excluded_lines": [], "functions": {"": {"executed_lines": [1], "summary": {"covered_lines": 0, "num_statements": 0, "percent_covered": 100.0, "percent_covered_display": "100", "missing_lines": 0, "excluded_lines": 0}, "missing_lines": [], "excluded_lines": []}}, "classes": {"": {"executed_lines": [1], "summary": {"covered_lines": 0, "num_statements": 0, "percent_covered": 100.0, "percent_covered_display": "100", "missing_lines": 0, "excluded_lines": 0}, "missing_lines": [], "excluded_lines": []}}}, "aidlc/audit/constants.py": {"executed_lines": [1, 3, 6, 46, 105, 127, 150, 170], "summary": {"covered_lines": 7, "num_statements": 7, "percent_covered": 100.0, "percent_covered_display": "100", "missing_lines": 0, "excluded_lines": 0}, "missing_lines": [], "excluded_lines": [], "functions": {"": {"executed_lines": [1, 3, 6, 46, 105, 127, 150, 170], "summary": {"covered_lines": 7, "num_statements": 7, "percent_covered": 100.0, "percent_covered_display": "100", "missing_lines": 0, "excluded_lines": 0}, "missing_lines": [], "excluded_lines": []}}, "classes": {"": {"executed_lines": [1, 3, 6, 46, 105, 127, 150, 170], "summary": {"covered_lines": 7, "num_statements": 7, "percent_covered": 100.0, "percent_covered_display": "100", "missing_lines": 0, "excluded_lines": 0}, "missing_lines": [], "excluded_lines": []}}}, "aidlc/audit/full_engine.py": {"executed_lines": [1, 3, 5, 6, 12, 15, 16, 18, 19, 21, 22, 25, 26, 29, 30, 33, 34, 37, 38, 41, 42, 45, 73, 96, 124], "summary": {"covered_lines": 23, "num_statements": 99, "percent_covered": 23.232323232323232, "percent_covered_display": "23", "missing_lines": 76, "excluded_lines": 0}, "missing_lines": [23, 27, 31, 35, 39, 43, 47, 48, 49, 51, 52, 53, 54, 55, 58, 59, 60, 62, 63, 64, 65, 67, 68, 69, 70, 71, 75, 76, 77, 79, 84, 89, 90, 91, 92, 93, 94, 98, 99, 100, 102, 103, 104, 105, 106, 107, 108, 109, 110, 111, 112, 113, 114, 115, 116, 117, 118, 119, 120, 121, 122, 128, 129, 130, 131, 132, 134, 139, 144, 145, 146, 147, 148, 153, 154, 155], "excluded_lines": [], "functions": {"FullAuditEngine.__init__": {"executed_lines": [19], "summary": {"covered_lines": 1, "num_statements": 1, "percent_covered": 100.0, "percent_covered_display": "100", "missing_lines": 0, "excluded_lines": 0}, "missing_lines": [], "excluded_lines": []}, "FullAuditEngine.project_root": {"executed_lines": [], "summary": {"covered_lines": 0, "num_statements": 1, "percent_covered": 0.0, "percent_covered_display": "0", "missing_lines": 1, "excluded_lines": 0}, "missing_lines": [23], "excluded_lines": []}, "FullAuditEngine.source_extensions": {"executed_lines": [], "summary": {"covered_lines": 0, "num_statements": 1, "percent_covered": 0.0, "percent_covered_display": "0", "missing_lines": 1, "excluded_lines": 0}, "missing_lines": [27], "excluded_lines": []}, "FullAuditEngine.max_claude_calls": {"executed_lines": [], "summary": {"covered_lines": 0, "num_statements": 1, "percent_covered": 0.0, "percent_covered_display": "0", "missing_lines": 1, "excluded_lines": 0}, "missing_lines": [31], "excluded_lines": []}, "FullAuditEngine.max_source_chars": {"executed_lines": [], "summary": {"covered_lines": 0, "num_statements": 1, "percent_covered": 0.0, "percent_covered_display": "0", "missing_lines": 1, "excluded_lines": 0}, "missing_lines": [35], "excluded_lines": []}, "FullAuditEngine.logger": {"executed_lines": [], "summary": {"covered_lines": 0, "num_statements": 1, "percent_covered": 0.0, "percent_covered_display": "0", "missing_lines": 1, "excluded_lines": 0}, "missing_lines": [39], "excluded_lines": []}, "FullAuditEngine.cli": {"executed_lines": [], "summary": {"covered_lines": 0, "num_statements": 1, "percent_covered": 0.0, "percent_covered_display": "0", "missing_lines": 1, "excluded_lines": 0}, "missing_lines": [43], "excluded_lines": []}, "FullAuditEngine.full_audit": {"executed_lines": [], "summary": {"covered_lines": 0, "num_statements": 20, "percent_covered": 0.0, "percent_covered_display": "0", "missing_lines": 20, "excluded_lines": 0}, "missing_lines": [47, 48, 49, 51, 52, 53, 54, 55, 58, 59, 60, 62, 63, 64, 65, 67, 68, 69, 70, 71], "excluded_lines": []}, "FullAuditEngine.analyze_module_with_claude": {"executed_lines": [], "summary": {"covered_lines": 0, "num_statements": 11, "percent_covered": 0.0, "percent_covered_display": "0", "missing_lines": 11, "excluded_lines": 0}, "missing_lines": [75, 76, 77, 79, 84, 89, 90, 91, 92, 93, 94], "excluded_lines": []}, "FullAuditEngine.read_module_source": {"executed_lines": [], "summary": {"covered_lines": 0, "num_statements": 24, "percent_covered": 0.0, "percent_covered_display": "0", "missing_lines": 24, "excluded_lines": 0}, "missing_lines": [98, 99, 100, 102, 103, 104, 105, 106, 107, 108, 109, 110, 111, 112, 113, 114, 115, 116, 117, 118, 119, 120, 121, 122], "excluded_lines": []}, "FullAuditEngine.inventory_features_with_claude": {"executed_lines": [], "summary": {"covered_lines": 0, "num_statements": 15, "percent_covered": 0.0, "percent_covered_display": "0", "missing_lines": 15, "excluded_lines": 0}, "missing_lines": [128, 129, 130, 131, 132, 134, 139, 144, 145, 146, 147, 148, 153, 154, 155], "excluded_lines": []}, "": {"executed_lines": [1, 3, 5, 6, 12, 15, 16, 18, 21, 22, 25, 26, 29, 30, 33, 34, 37, 38, 41, 42, 45, 73, 96, 124], "summary": {"covered_lines": 22, "num_statements": 22, "percent_covered": 100.0, "percent_covered_display": "100", "missing_lines": 0, "excluded_lines": 0}, "missing_lines": [], "excluded_lines": []}}, "classes": {"FullAuditEngine": {"executed_lines": [19], "summary": {"covered_lines": 1, "num_statements": 77, "percent_covered": 1.2987012987012987, "percent_covered_display": "1", "missing_lines": 76, "excluded_lines": 0}, "missing_lines": [23, 27, 31, 35, 39, 43, 47, 48, 49, 51, 52, 53, 54, 55, 58, 59, 60, 62, 63, 64, 65, 67, 68, 69, 70, 71, 75, 76, 77, 79, 84, 89, 90, 91, 92, 93, 94, 98, 99, 100, 102, 103, 104, 105, 106, 107, 108, 109, 110, 111, 112, 113, 114, 115, 116, 117, 118, 119, 120, 121, 122, 128, 129, 130, 131, 132, 134, 139, 144, 145, 146, 147, 148, 153, 154, 155], "excluded_lines": []}, "": {"executed_lines": [1, 3, 5, 6, 12, 15, 16, 18, 21, 22, 25, 26, 29, 30, 33, 34, 37, 38, 41, 42, 45, 73, 96, 124], "summary": {"covered_lines": 22, "num_statements": 22, "percent_covered": 100.0, "percent_covered_display": "100", "missing_lines": 0, "excluded_lines": 0}, "missing_lines": [], "excluded_lines": []}}}, "aidlc/audit/output_engine.py": {"executed_lines": [1, 3, 4, 5, 7, 8, 11, 12, 14, 15, 17, 18, 19, 21, 22, 23, 25, 27, 28, 29, 30, 31, 33, 34, 35, 36, 37, 38, 40, 41, 42, 43, 44, 45, 46, 47, 49, 51, 64, 65, 66, 67, 68, 69, 71, 72, 73, 74, 75, 76, 77, 78, 82, 84, 85, 86, 87, 88, 89, 91, 92, 97, 98, 99, 100, 101, 102, 103, 104, 106, 107, 108, 109, 110, 111, 115, 116, 117, 118, 123, 125, 132, 133, 134, 135, 136, 137, 138, 139, 140, 141, 142, 145, 146, 148, 150, 151, 152, 153, 154, 155, 156, 158, 170, 172, 174, 175, 176, 177, 178, 179, 181, 187, 188, 189, 194, 195, 200, 201, 202, 203, 204, 205, 206, 207, 209, 210, 239, 240, 272, 273, 274, 287, 301, 313, 335, 336, 337, 338, 339, 340, 341, 342, 343, 344, 345, 347, 348, 350, 383, 384, 385, 386, 390, 392, 398, 399, 403, 405, 407, 413, 414, 415, 416, 420, 421, 422, 423, 424, 425, 426, 430, 432, 433, 434, 435, 436, 440, 442, 455, 465, 467, 469, 478, 479, 480, 481, 483, 484, 485, 486, 487, 488, 489, 490, 492, 493, 495, 496, 497, 498, 499, 500, 501, 502, 503, 504, 505, 508, 510, 512, 514, 515, 517, 518, 519, 520, 521, 522, 536, 537, 542, 552, 553, 554, 555, 567, 568, 569, 570, 571, 572, 586, 588, 590, 591, 592, 593, 594, 595, 598, 600, 602, 603, 604, 606, 615, 616, 621, 622, 623, 624, 625, 626, 628, 629, 631, 633, 634, 635, 636, 637, 638], "summary": {"covered_lines": 261, "num_statements": 295, "percent_covered": 88.47457627118644, "percent_covered_display": "88", "missing_lines": 34, "excluded_lines": 0}, "missing_lines": [126, 127, 128, 129, 130, 143, 147, 159, 160, 161, 162, 163, 166, 167, 168, 169, 182, 183, 211, 212, 213, 214, 215, 227, 275, 288, 404, 491, 564, 565, 573, 574, 596, 597], "excluded_lines": [], "functions": {"AuditOutputEngine.__init__": {"executed_lines": [15], "summary": {"covered_lines": 1, "num_statements": 1, "percent_covered": 100.0, "percent_covered_display": "100", "missing_lines": 0, "excluded_lines": 0}, "missing_lines": [], "excluded_lines": []}, "AuditOutputEngine.project_root": {"executed_lines": [19], "summary": {"covered_lines": 1, "num_statements": 1, "percent_covered": 100.0, "percent_covered_display": "100", "missing_lines": 0, "excluded_lines": 0}, "missing_lines": [], "excluded_lines": []}, "AuditOutputEngine.logger": {"executed_lines": [23], "summary": {"covered_lines": 1, "num_statements": 1, "percent_covered": 100.0, "percent_covered_display": "100", "missing_lines": 0, "excluded_lines": 0}, "missing_lines": [], "excluded_lines": []}, "AuditOutputEngine.generate_docs": {"executed_lines": [27, 28, 29, 30, 31, 33, 34, 35, 36, 37, 38, 40, 41, 42, 43, 44, 45, 46, 47], "summary": {"covered_lines": 19, "num_statements": 19, "percent_covered": 100.0, "percent_covered_display": "100", "missing_lines": 0, "excluded_lines": 0}, "missing_lines": [], "excluded_lines": []}, "AuditOutputEngine.render_status_doc": {"executed_lines": [51, 64, 65, 66, 67, 68, 69, 71, 72, 73, 74, 75, 76, 77, 78, 82, 84, 85, 86, 87, 88, 89, 91, 92, 97, 98, 99, 100, 101, 102, 103, 104, 106, 107, 108, 109, 110, 111, 115, 116, 117, 118, 123, 125, 132, 133, 134, 135, 136, 137, 138, 139, 140, 141, 142, 145, 146, 148, 150, 151, 152, 153, 154, 155, 156, 158, 170], "summary": {"covered_lines": 67, "num_statements": 83, "percent_covered": 80.72289156626506, "percent_covered_display": "81", "missing_lines": 16, "excluded_lines": 0}, "missing_lines": [126, 127, 128, 129, 130, 143, 147, 159, 160, 161, 162, 163, 166, 167, 168, 169], "excluded_lines": []}, "AuditOutputEngine.render_braindump_doc": {"executed_lines": [174, 175, 176, 177, 178, 179, 181, 187, 188, 189, 194, 195, 200, 201, 202, 203, 204, 205, 206, 207, 209, 210, 239, 240, 272, 273, 274, 287, 301, 313, 335, 336, 337, 338, 339, 340, 341, 342, 343, 344, 345, 347, 348, 350, 383, 384, 385, 386, 390, 392, 398, 399, 403, 405, 407, 413, 414, 415, 416, 420, 421, 422, 423, 424, 425, 426, 430, 432, 433, 434, 435, 436, 440, 442, 455, 465], "summary": {"covered_lines": 76, "num_statements": 87, "percent_covered": 87.35632183908046, "percent_covered_display": "87", "missing_lines": 11, "excluded_lines": 0}, "missing_lines": [182, 183, 211, 212, 213, 214, 215, 227, 275, 288, 404], "excluded_lines": []}, "AuditOutputEngine.render_architecture_doc": {"executed_lines": [469, 478, 479, 480, 481, 483, 484, 485, 486, 487, 488, 489, 490, 492, 493, 495, 496, 497, 498, 499, 500, 501, 502, 503, 504, 505, 508, 510], "summary": {"covered_lines": 28, "num_statements": 29, "percent_covered": 96.55172413793103, "percent_covered_display": "97", "missing_lines": 1, "excluded_lines": 0}, "missing_lines": [491], "excluded_lines": []}, "AuditOutputEngine.detect_conflicts": {"executed_lines": [514, 515, 517, 518, 519, 520, 521, 522, 536, 537, 542, 552, 553, 554, 555, 567, 568, 569, 570, 571, 572, 586], "summary": {"covered_lines": 22, "num_statements": 26, "percent_covered": 84.61538461538461, "percent_covered_display": "85", "missing_lines": 4, "excluded_lines": 0}, "missing_lines": [564, 565, 573, 574], "excluded_lines": []}, "AuditOutputEngine.read_all_user_docs": {"executed_lines": [590, 591, 592, 593, 594, 595, 598], "summary": {"covered_lines": 7, "num_statements": 9, "percent_covered": 77.77777777777777, "percent_covered_display": "78", "missing_lines": 2, "excluded_lines": 0}, "missing_lines": [596, 597], "excluded_lines": []}, "AuditOutputEngine.write_conflicts_file": {"executed_lines": [602, 603, 604, 606, 615, 616, 621, 622, 623, 624, 625, 626, 628, 629], "summary": {"covered_lines": 14, "num_statements": 14, "percent_covered": 100.0, "percent_covered_display": "100", "missing_lines": 0, "excluded_lines": 0}, "missing_lines": [], "excluded_lines": []}, "AuditOutputEngine.save_audit_json": {"executed_lines": [633, 634, 635, 636, 637, 638], "summary": {"covered_lines": 6, "num_statements": 6, "percent_covered": 100.0, "percent_covered_display": "100", "missing_lines": 0, "excluded_lines": 0}, "missing_lines": [], "excluded_lines": []}, "": {"executed_lines": [1, 3, 4, 5, 7, 8, 11, 12, 14, 17, 18, 21, 22, 25, 49, 172, 467, 512, 588, 600, 631], "summary": {"covered_lines": 19, "num_statements": 19, "percent_covered": 100.0, "percent_covered_display": "100", "missing_lines": 0, "excluded_lines": 0}, "missing_lines": [], "excluded_lines": []}}, "classes": {"AuditOutputEngine": {"executed_lines": [15, 19, 23, 27, 28, 29, 30, 31, 33, 34, 35, 36, 37, 38, 40, 41, 42, 43, 44, 45, 46, 47, 51, 64, 65, 66, 67, 68, 69, 71, 72, 73, 74, 75, 76, 77, 78, 82, 84, 85, 86, 87, 88, 89, 91, 92, 97, 98, 99, 100, 101, 102, 103, 104, 106, 107, 108, 109, 110, 111, 115, 116, 117, 118, 123, 125, 132, 133, 134, 135, 136, 137, 138, 139, 140, 141, 142, 145, 146, 148, 150, 151, 152, 153, 154, 155, 156, 158, 170, 174, 175, 176, 177, 178, 179, 181, 187, 188, 189, 194, 195, 200, 201, 202, 203, 204, 205, 206, 207, 209, 210, 239, 240, 272, 273, 274, 287, 301, 313, 335, 336, 337, 338, 339, 340, 341, 342, 343, 344, 345, 347, 348, 350, 383, 384, 385, 386, 390, 392, 398, 399, 403, 405, 407, 413, 414, 415, 416, 420, 421, 422, 423, 424, 425, 426, 430, 432, 433, 434, 435, 436, 440, 442, 455, 465, 469, 478, 479, 480, 481, 483, 484, 485, 486, 487, 488, 489, 490, 492, 493, 495, 496, 497, 498, 499, 500, 501, 502, 503, 504, 505, 508, 510, 514, 515, 517, 518, 519, 520, 521, 522, 536, 537, 542, 552, 553, 554, 555, 567, 568, 569, 570, 571, 572, 586, 590, 591, 592, 593, 594, 595, 598, 602, 603, 604, 606, 615, 616, 621, 622, 623, 624, 625, 626, 628, 629, 633, 634, 635, 636, 637, 638], "summary": {"covered_lines": 242, "num_statements": 276, "percent_covered": 87.68115942028986, "percent_covered_display": "88", "missing_lines": 34, "excluded_lines": 0}, "missing_lines": [126, 127, 128, 129, 130, 143, 147, 159, 160, 161, 162, 163, 166, 167, 168, 169, 182, 183, 211, 212, 213, 214, 215, 227, 275, 288, 404, 491, 564, 565, 573, 574, 596, 597], "excluded_lines": []}, "": {"executed_lines": [1, 3, 4, 5, 7, 8, 11, 12, 14, 17, 18, 21, 22, 25, 49, 172, 467, 512, 588, 600, 631], "summary": {"covered_lines": 19, "num_statements": 19, "percent_covered": 100.0, "percent_covered_display": "100", "missing_lines": 0, "excluded_lines": 0}, "missing_lines": [], "excluded_lines": []}}}, "aidlc/audit/quick_engine.py": {"executed_lines": [1, 3, 4, 5, 6, 8, 9, 18, 19, 21, 22, 24, 25, 26, 28, 29, 30, 32, 34, 35, 36, 37, 38, 39, 40, 41, 43, 55, 57, 59, 60, 61, 62, 63, 65, 67, 69, 70, 71, 73, 74, 77, 78, 79, 81, 82, 85, 86, 89, 90, 91, 92, 93, 94, 95, 97, 99, 100, 101, 102, 103, 104, 105, 106, 107, 108, 109, 111, 114, 115, 116, 117, 118, 121, 123, 140, 142, 143, 144, 145, 146, 147, 148, 149, 150, 151, 156, 158, 181, 194, 196, 197, 198, 200, 201, 202, 205, 206, 211, 212, 213, 214, 215, 217, 218, 219, 220, 221, 237, 238, 239, 240, 241, 242, 243, 244, 245, 246, 250, 252, 254, 255, 256, 257, 258, 259, 261, 262, 263, 264, 265, 266, 267, 268, 269, 270, 271, 272, 276, 279, 280, 281, 291, 293, 295, 296, 297, 299, 300, 303, 304, 311, 312, 313, 314, 315, 316, 317, 318, 320, 322, 324, 325, 326, 328, 329, 330, 331, 332, 333, 334, 335, 336, 342, 348, 350, 351, 352, 353, 354, 355, 356, 357, 358, 359, 360, 361, 362, 363, 375, 376, 377, 378, 379, 380, 381, 382, 383, 384, 385, 398, 400, 402, 403, 404, 405, 407, 408, 409, 410, 411, 412, 413, 414, 420, 421, 422, 423, 424, 430, 433, 434, 438, 440, 443, 444, 445, 453, 454, 455, 456, 457, 459, 462, 466], "summary": {"covered_lines": 233, "num_statements": 332, "percent_covered": 70.18072289156626, "percent_covered_display": "70", "missing_lines": 99, "excluded_lines": 0}, "missing_lines": [75, 83, 87, 110, 112, 113, 119, 120, 125, 126, 127, 128, 129, 130, 131, 132, 133, 134, 135, 136, 137, 138, 152, 153, 154, 155, 160, 161, 162, 163, 164, 165, 166, 167, 168, 169, 170, 171, 172, 173, 174, 175, 176, 177, 178, 179, 183, 184, 185, 186, 187, 188, 189, 190, 191, 192, 199, 203, 222, 223, 224, 225, 226, 227, 228, 229, 230, 231, 234, 235, 247, 248, 273, 274, 277, 301, 339, 340, 371, 372, 373, 386, 394, 395, 396, 427, 428, 437, 439, 441, 446, 447, 448, 449, 450, 451, 458, 460, 464], "excluded_lines": [], "functions": {"QuickAuditEngine.__init__": {"executed_lines": [22], "summary": {"covered_lines": 1, "num_statements": 1, "percent_covered": 100.0, "percent_covered_display": "100", "missing_lines": 0, "excluded_lines": 0}, "missing_lines": [], "excluded_lines": []}, "QuickAuditEngine.project_root": {"executed_lines": [26], "summary": {"covered_lines": 1, "num_statements": 1, "percent_covered": 100.0, "percent_covered_display": "100", "missing_lines": 0, "excluded_lines": 0}, "missing_lines": [], "excluded_lines": []}, "QuickAuditEngine.source_extensions": {"executed_lines": [30], "summary": {"covered_lines": 1, "num_statements": 1, "percent_covered": 100.0, "percent_covered_display": "100", "missing_lines": 0, "excluded_lines": 0}, "missing_lines": [], "excluded_lines": []}, "QuickAuditEngine.quick_scan": {"executed_lines": [34, 35, 36, 37, 38, 39, 40, 41, 43], "summary": {"covered_lines": 9, "num_statements": 9, "percent_covered": 100.0, "percent_covered_display": "100", "missing_lines": 0, "excluded_lines": 0}, "missing_lines": [], "excluded_lines": []}, "QuickAuditEngine.detect_project_type": {"executed_lines": [57, 59, 60, 61, 62, 63], "summary": {"covered_lines": 6, "num_statements": 6, "percent_covered": 100.0, "percent_covered_display": "100", "missing_lines": 0, "excluded_lines": 0}, "missing_lines": [], "excluded_lines": []}, "QuickAuditEngine.detect_frameworks": {"executed_lines": [67, 69, 70, 71, 73, 74, 77, 78, 79, 81, 82, 85, 86, 89, 90, 91, 92, 93, 94, 95], "summary": {"covered_lines": 20, "num_statements": 23, "percent_covered": 86.95652173913044, "percent_covered_display": "87", "missing_lines": 3, "excluded_lines": 0}, "missing_lines": [75, 83, 87], "excluded_lines": []}, "QuickAuditEngine.parse_pyproject_deps": {"executed_lines": [99, 100, 101, 102, 103, 104, 105, 106, 107, 108, 109, 111, 114, 115, 116, 117, 118, 121], "summary": {"covered_lines": 18, "num_statements": 23, "percent_covered": 78.26086956521739, "percent_covered_display": "78", "missing_lines": 5, "excluded_lines": 0}, "missing_lines": [110, 112, 113, 119, 120], "excluded_lines": []}, "QuickAuditEngine.parse_requirements_deps": {"executed_lines": [], "summary": {"covered_lines": 0, "num_statements": 14, "percent_covered": 0.0, "percent_covered_display": "0", "missing_lines": 14, "excluded_lines": 0}, "missing_lines": [125, 126, 127, 128, 129, 130, 131, 132, 133, 134, 135, 136, 137, 138], "excluded_lines": []}, "QuickAuditEngine.parse_package_json_deps": {"executed_lines": [142, 143, 144, 145, 146, 147, 148, 149, 150, 151, 156], "summary": {"covered_lines": 11, "num_statements": 15, "percent_covered": 73.33333333333333, "percent_covered_display": "73", "missing_lines": 4, "excluded_lines": 0}, "missing_lines": [152, 153, 154, 155], "excluded_lines": []}, "QuickAuditEngine.parse_cargo_deps": {"executed_lines": [], "summary": {"covered_lines": 0, "num_statements": 20, "percent_covered": 0.0, "percent_covered_display": "0", "missing_lines": 20, "excluded_lines": 0}, "missing_lines": [160, 161, 162, 163, 164, 165, 166, 167, 168, 169, 170, 171, 172, 173, 174, 175, 176, 177, 178, 179], "excluded_lines": []}, "QuickAuditEngine.parse_gomod_deps": {"executed_lines": [], "summary": {"covered_lines": 0, "num_statements": 10, "percent_covered": 0.0, "percent_covered_display": "0", "missing_lines": 10, "excluded_lines": 0}, "missing_lines": [183, 184, 185, 186, 187, 188, 189, 190, 191, 192], "excluded_lines": []}, "QuickAuditEngine.find_entry_points": {"executed_lines": [196, 197, 198, 200, 201, 202, 205, 206, 211, 212, 213, 214, 215, 217, 218, 219, 220, 221, 237, 238, 239, 240, 241, 242, 243, 244, 245, 246, 250], "summary": {"covered_lines": 29, "num_statements": 45, "percent_covered": 64.44444444444444, "percent_covered_display": "64", "missing_lines": 16, "excluded_lines": 0}, "missing_lines": [199, 203, 222, 223, 224, 225, 226, 227, 228, 229, 230, 231, 234, 235, 247, 248], "excluded_lines": []}, "QuickAuditEngine.list_modules": {"executed_lines": [254, 255, 256, 257, 258, 259, 261, 262, 263, 264, 265, 266, 267, 268, 269, 270, 271, 272, 276, 279, 280, 281, 291], "summary": {"covered_lines": 23, "num_statements": 26, "percent_covered": 88.46153846153847, "percent_covered_display": "88", "missing_lines": 3, "excluded_lines": 0}, "missing_lines": [273, 274, 277], "excluded_lines": []}, "QuickAuditEngine.scan_directory_tree": {"executed_lines": [295, 296, 297], "summary": {"covered_lines": 3, "num_statements": 3, "percent_covered": 100.0, "percent_covered_display": "100", "missing_lines": 0, "excluded_lines": 0}, "missing_lines": [], "excluded_lines": []}, "QuickAuditEngine._tree_walk": {"executed_lines": [300, 303, 304, 311, 312, 313, 314, 315, 316, 317, 318, 320], "summary": {"covered_lines": 12, "num_statements": 13, "percent_covered": 92.3076923076923, "percent_covered_display": "92", "missing_lines": 1, "excluded_lines": 0}, "missing_lines": [301], "excluded_lines": []}, "QuickAuditEngine.count_source_files": {"executed_lines": [324, 325, 326, 328, 329, 330, 331, 332, 333, 334, 335, 336, 342], "summary": {"covered_lines": 13, "num_statements": 15, "percent_covered": 86.66666666666667, "percent_covered_display": "87", "missing_lines": 2, "excluded_lines": 0}, "missing_lines": [339, 340], "excluded_lines": []}, "QuickAuditEngine.find_tech_debt_markers": {"executed_lines": [350, 351, 352, 353, 354, 355, 356, 357, 358, 359, 360, 361, 362, 363, 375, 376, 377, 378, 379, 380, 381, 382, 383, 384, 385, 398], "summary": {"covered_lines": 26, "num_statements": 33, "percent_covered": 78.78787878787878, "percent_covered_display": "79", "missing_lines": 7, "excluded_lines": 0}, "missing_lines": [371, 372, 373, 386, 394, 395, 396], "excluded_lines": []}, "QuickAuditEngine.assess_test_coverage_quick": {"executed_lines": [402, 403, 404, 405, 407, 408, 409, 410, 411, 412, 413, 414, 420, 421, 422, 423, 424, 430, 433, 434, 438, 440, 443, 444, 445, 453, 454, 455, 456, 457, 459, 462, 466], "summary": {"covered_lines": 33, "num_statements": 47, "percent_covered": 70.2127659574468, "percent_covered_display": "70", "missing_lines": 14, "excluded_lines": 0}, "missing_lines": [427, 428, 437, 439, 441, 446, 447, 448, 449, 450, 451, 458, 460, 464], "excluded_lines": []}, "": {"executed_lines": [1, 3, 4, 5, 6, 8, 9, 18, 19, 21, 24, 25, 28, 29, 32, 55, 65, 97, 123, 140, 158, 181, 194, 252, 293, 299, 322, 348, 400], "summary": {"covered_lines": 27, "num_statements": 27, "percent_covered": 100.0, "percent_covered_display": "100", "missing_lines": 0, "excluded_lines": 0}, "missing_lines": [], "excluded_lines": []}}, "classes": {"QuickAuditEngine": {"executed_lines": [22, 26, 30, 34, 35, 36, 37, 38, 39, 40, 41, 43, 57, 59, 60, 61, 62, 63, 67, 69, 70, 71, 73, 74, 77, 78, 79, 81, 82, 85, 86, 89, 90, 91, 92, 93, 94, 95, 99, 100, 101, 102, 103, 104, 105, 106, 107, 108, 109, 111, 114, 115, 116, 117, 118, 121, 142, 143, 144, 145, 146, 147, 148, 149, 150, 151, 156, 196, 197, 198, 200, 201, 202, 205, 206, 211, 212, 213, 214, 215, 217, 218, 219, 220, 221, 237, 238, 239, 240, 241, 242, 243, 244, 245, 246, 250, 254, 255, 256, 257, 258, 259, 261, 262, 263, 264, 265, 266, 267, 268, 269, 270, 271, 272, 276, 279, 280, 281, 291, 295, 296, 297, 300, 303, 304, 311, 312, 313, 314, 315, 316, 317, 318, 320, 324, 325, 326, 328, 329, 330, 331, 332, 333, 334, 335, 336, 342, 350, 351, 352, 353, 354, 355, 356, 357, 358, 359, 360, 361, 362, 363, 375, 376, 377, 378, 379, 380, 381, 382, 383, 384, 385, 398, 402, 403, 404, 405, 407, 408, 409, 410, 411, 412, 413, 414, 420, 421, 422, 423, 424, 430, 433, 434, 438, 440, 443, 444, 445, 453, 454, 455, 456, 457, 459, 462, 466], "summary": {"covered_lines": 206, "num_statements": 305, "percent_covered": 67.54098360655738, "percent_covered_display": "68", "missing_lines": 99, "excluded_lines": 0}, "missing_lines": [75, 83, 87, 110, 112, 113, 119, 120, 125, 126, 127, 128, 129, 130, 131, 132, 133, 134, 135, 136, 137, 138, 152, 153, 154, 155, 160, 161, 162, 163, 164, 165, 166, 167, 168, 169, 170, 171, 172, 173, 174, 175, 176, 177, 178, 179, 183, 184, 185, 186, 187, 188, 189, 190, 191, 192, 199, 203, 222, 223, 224, 225, 226, 227, 228, 229, 230, 231, 234, 235, 247, 248, 273, 274, 277, 301, 339, 340, 371, 372, 373, 386, 394, 395, 396, 427, 428, 437, 439, 441, 446, 447, 448, 449, 450, 451, 458, 460, 464], "excluded_lines": []}, "": {"executed_lines": [1, 3, 4, 5, 6, 8, 9, 18, 19, 21, 24, 25, 28, 29, 32, 55, 65, 97, 123, 140, 158, 181, 194, 252, 293, 299, 322, 348, 400], "summary": {"covered_lines": 27, "num_statements": 27, "percent_covered": 100.0, "percent_covered_display": "100", "missing_lines": 0, "excluded_lines": 0}, "missing_lines": [], "excluded_lines": []}}}, "aidlc/audit/runtime_engine.py": {"executed_lines": [1, 3, 4, 5, 6, 8, 11, 12, 14, 15, 17, 18, 21, 22, 25, 26, 29, 88, 100, 124, 125, 145, 146], "summary": {"covered_lines": 21, "num_statements": 89, "percent_covered": 23.59550561797753, "percent_covered_display": "24", "missing_lines": 68, "excluded_lines": 0}, "missing_lines": [19, 23, 27, 31, 32, 34, 35, 36, 37, 39, 40, 41, 42, 44, 45, 46, 47, 49, 50, 51, 52, 54, 65, 66, 68, 69, 70, 74, 75, 90, 91, 92, 93, 94, 95, 96, 97, 98, 102, 103, 104, 105, 106, 115, 116, 117, 118, 119, 120, 121, 122, 127, 128, 129, 134, 135, 136, 137, 138, 139, 140, 141, 142, 143, 148, 149, 150, 151], "excluded_lines": [], "functions": {"RuntimeAuditEngine.__init__": {"executed_lines": [15], "summary": {"covered_lines": 1, "num_statements": 1, "percent_covered": 100.0, "percent_covered_display": "100", "missing_lines": 0, "excluded_lines": 0}, "missing_lines": [], "excluded_lines": []}, "RuntimeAuditEngine.project_root": {"executed_lines": [], "summary": {"covered_lines": 0, "num_statements": 1, "percent_covered": 0.0, "percent_covered_display": "0", "missing_lines": 1, "excluded_lines": 0}, "missing_lines": [19], "excluded_lines": []}, "RuntimeAuditEngine.config": {"executed_lines": [], "summary": {"covered_lines": 0, "num_statements": 1, "percent_covered": 0.0, "percent_covered_display": "0", "missing_lines": 1, "excluded_lines": 0}, "missing_lines": [23], "excluded_lines": []}, "RuntimeAuditEngine.logger": {"executed_lines": [], "summary": {"covered_lines": 0, "num_statements": 1, "percent_covered": 0.0, "percent_covered_display": "0", "missing_lines": 1, "excluded_lines": 0}, "missing_lines": [27], "excluded_lines": []}, "RuntimeAuditEngine.run_runtime_checks": {"executed_lines": [], "summary": {"covered_lines": 0, "num_statements": 26, "percent_covered": 0.0, "percent_covered_display": "0", "missing_lines": 26, "excluded_lines": 0}, "missing_lines": [31, 32, 34, 35, 36, 37, 39, 40, 41, 42, 44, 45, 46, 47, 49, 50, 51, 52, 54, 65, 66, 68, 69, 70, 74, 75], "excluded_lines": []}, "RuntimeAuditEngine._normalize_command": {"executed_lines": [], "summary": {"covered_lines": 0, "num_statements": 9, "percent_covered": 0.0, "percent_covered_display": "0", "missing_lines": 9, "excluded_lines": 0}, "missing_lines": [90, 91, 92, 93, 94, 95, 96, 97, 98], "excluded_lines": []}, "RuntimeAuditEngine._run_command": {"executed_lines": [], "summary": {"covered_lines": 0, "num_statements": 13, "percent_covered": 0.0, "percent_covered_display": "0", "missing_lines": 13, "excluded_lines": 0}, "missing_lines": [102, 103, 104, 105, 106, 115, 116, 117, 118, 119, 120, 121, 122], "excluded_lines": []}, "RuntimeAuditEngine._extract_coverage_percent": {"executed_lines": [], "summary": {"covered_lines": 0, "num_statements": 13, "percent_covered": 0.0, "percent_covered_display": "0", "missing_lines": 13, "excluded_lines": 0}, "missing_lines": [127, 128, 129, 134, 135, 136, 137, 138, 139, 140, 141, 142, 143], "excluded_lines": []}, "RuntimeAuditEngine._excerpt": {"executed_lines": [], "summary": {"covered_lines": 0, "num_statements": 4, "percent_covered": 0.0, "percent_covered_display": "0", "missing_lines": 4, "excluded_lines": 0}, "missing_lines": [148, 149, 150, 151], "excluded_lines": []}, "": {"executed_lines": [1, 3, 4, 5, 6, 8, 11, 12, 14, 17, 18, 21, 22, 25, 26, 29, 88, 100, 124, 125, 145, 146], "summary": {"covered_lines": 20, "num_statements": 20, "percent_covered": 100.0, "percent_covered_display": "100", "missing_lines": 0, "excluded_lines": 0}, "missing_lines": [], "excluded_lines": []}}, "classes": {"RuntimeAuditEngine": {"executed_lines": [15], "summary": {"covered_lines": 1, "num_statements": 69, "percent_covered": 1.4492753623188406, "percent_covered_display": "1", "missing_lines": 68, "excluded_lines": 0}, "missing_lines": [19, 23, 27, 31, 32, 34, 35, 36, 37, 39, 40, 41, 42, 44, 45, 46, 47, 49, 50, 51, 52, 54, 65, 66, 68, 69, 70, 74, 75, 90, 91, 92, 93, 94, 95, 96, 97, 98, 102, 103, 104, 105, 106, 115, 116, 117, 118, 119, 120, 121, 122, 127, 128, 129, 134, 135, 136, 137, 138, 139, 140, 141, 142, 143, 148, 149, 150, 151], "excluded_lines": []}, "": {"executed_lines": [1, 3, 4, 5, 6, 8, 11, 12, 14, 17, 18, 21, 22, 25, 26, 29, 88, 100, 124, 125, 145, 146], "summary": {"covered_lines": 20, "num_statements": 20, "percent_covered": 100.0, "percent_covered_display": "100", "missing_lines": 0, "excluded_lines": 0}, "missing_lines": [], "excluded_lines": []}}}, "aidlc/audit_models.py": {"executed_lines": [1, 3, 4, 7, 8, 9, 11, 12, 13, 14, 15, 16, 18, 19, 28, 29, 30, 40, 41, 42, 44, 45, 46, 47, 49, 50, 57, 58, 59, 67, 68, 69, 71, 72, 73, 74, 75, 77, 78, 86, 87, 88, 97, 98, 99, 100, 102, 103, 104, 105, 106, 108, 109, 117, 118, 119, 128, 129, 130, 132, 133, 134, 135, 136, 138, 139, 147, 148, 149, 158, 159, 160, 162, 163, 164, 165, 166, 167, 168, 171, 172, 173, 176, 177, 178, 179, 180, 182, 183, 205, 206, 207, 220, 223, 224, 225, 226, 234, 238], "summary": {"covered_lines": 92, "num_statements": 92, "percent_covered": 100.0, "percent_covered_display": "100", "missing_lines": 0, "excluded_lines": 0}, "missing_lines": [], "excluded_lines": [], "functions": {"ModuleInfo.to_dict": {"executed_lines": [19], "summary": {"covered_lines": 1, "num_statements": 1, "percent_covered": 100.0, "percent_covered_display": "100", "missing_lines": 0, "excluded_lines": 0}, "missing_lines": [], "excluded_lines": []}, "ModuleInfo.from_dict": {"executed_lines": [30], "summary": {"covered_lines": 1, "num_statements": 1, "percent_covered": 100.0, "percent_covered_display": "100", "missing_lines": 0, "excluded_lines": 0}, "missing_lines": [], "excluded_lines": []}, "TechDebtItem.to_dict": {"executed_lines": [50], "summary": {"covered_lines": 1, "num_statements": 1, "percent_covered": 100.0, "percent_covered_display": "100", "missing_lines": 0, "excluded_lines": 0}, "missing_lines": [], "excluded_lines": []}, "TechDebtItem.from_dict": {"executed_lines": [59], "summary": {"covered_lines": 1, "num_statements": 1, "percent_covered": 100.0, "percent_covered_display": "100", "missing_lines": 0, "excluded_lines": 0}, "missing_lines": [], "excluded_lines": []}, "CoverageInfo.to_dict": {"executed_lines": [78], "summary": {"covered_lines": 1, "num_statements": 1, "percent_covered": 100.0, "percent_covered_display": "100", "missing_lines": 0, "excluded_lines": 0}, "missing_lines": [], "excluded_lines": []}, "CoverageInfo.from_dict": {"executed_lines": [88], "summary": {"covered_lines": 1, "num_statements": 1, "percent_covered": 100.0, "percent_covered_display": "100", "missing_lines": 0, "excluded_lines": 0}, "missing_lines": [], "excluded_lines": []}, "DocGap.to_dict": {"executed_lines": [109], "summary": {"covered_lines": 1, "num_statements": 1, "percent_covered": 100.0, "percent_covered_display": "100", "missing_lines": 0, "excluded_lines": 0}, "missing_lines": [], "excluded_lines": []}, "DocGap.from_dict": {"executed_lines": [119], "summary": {"covered_lines": 1, "num_statements": 1, "percent_covered": 100.0, "percent_covered_display": "100", "missing_lines": 0, "excluded_lines": 0}, "missing_lines": [], "excluded_lines": []}, "AuditConflict.to_dict": {"executed_lines": [139], "summary": {"covered_lines": 1, "num_statements": 1, "percent_covered": 100.0, "percent_covered_display": "100", "missing_lines": 0, "excluded_lines": 0}, "missing_lines": [], "excluded_lines": []}, "AuditConflict.from_dict": {"executed_lines": [149], "summary": {"covered_lines": 1, "num_statements": 1, "percent_covered": 100.0, "percent_covered_display": "100", "missing_lines": 0, "excluded_lines": 0}, "missing_lines": [], "excluded_lines": []}, "AuditResult.to_dict": {"executed_lines": [183], "summary": {"covered_lines": 1, "num_statements": 1, "percent_covered": 100.0, "percent_covered_display": "100", "missing_lines": 0, "excluded_lines": 0}, "missing_lines": [], "excluded_lines": []}, "AuditResult.from_dict": {"executed_lines": [207, 220, 223, 224, 225, 226, 234, 238], "summary": {"covered_lines": 8, "num_statements": 8, "percent_covered": 100.0, "percent_covered_display": "100", "missing_lines": 0, "excluded_lines": 0}, "missing_lines": [], "excluded_lines": []}, "": {"executed_lines": [1, 3, 4, 7, 8, 9, 11, 12, 13, 14, 15, 16, 18, 28, 29, 40, 41, 42, 44, 45, 46, 47, 49, 57, 58, 67, 68, 69, 71, 72, 73, 74, 75, 77, 86, 87, 97, 98, 99, 100, 102, 103, 104, 105, 106, 108, 117, 118, 128, 129, 130, 132, 133, 134, 135, 136, 138, 147, 148, 158, 159, 160, 162, 163, 164, 165, 166, 167, 168, 171, 172, 173, 176, 177, 178, 179, 180, 182, 205, 206], "summary": {"covered_lines": 73, "num_statements": 73, "percent_covered": 100.0, "percent_covered_display": "100", "missing_lines": 0, "excluded_lines": 0}, "missing_lines": [], "excluded_lines": []}}, "classes": {"ModuleInfo": {"executed_lines": [19, 30], "summary": {"covered_lines": 2, "num_statements": 2, "percent_covered": 100.0, "percent_covered_display": "100", "missing_lines": 0, "excluded_lines": 0}, "missing_lines": [], "excluded_lines": []}, "TechDebtItem": {"executed_lines": [50, 59], "summary": {"covered_lines": 2, "num_statements": 2, "percent_covered": 100.0, "percent_covered_display": "100", "missing_lines": 0, "excluded_lines": 0}, "missing_lines": [], "excluded_lines": []}, "CoverageInfo": {"executed_lines": [78, 88], "summary": {"covered_lines": 2, "num_statements": 2, "percent_covered": 100.0, "percent_covered_display": "100", "missing_lines": 0, "excluded_lines": 0}, "missing_lines": [], "excluded_lines": []}, "DocGap": {"executed_lines": [109, 119], "summary": {"covered_lines": 2, "num_statements": 2, "percent_covered": 100.0, "percent_covered_display": "100", "missing_lines": 0, "excluded_lines": 0}, "missing_lines": [], "excluded_lines": []}, "AuditConflict": {"executed_lines": [139, 149], "summary": {"covered_lines": 2, "num_statements": 2, "percent_covered": 100.0, "percent_covered_display": "100", "missing_lines": 0, "excluded_lines": 0}, "missing_lines": [], "excluded_lines": []}, "AuditResult": {"executed_lines": [183, 207, 220, 223, 224, 225, 226, 234, 238], "summary": {"covered_lines": 9, "num_statements": 9, "percent_covered": 100.0, "percent_covered_display": "100", "missing_lines": 0, "excluded_lines": 0}, "missing_lines": [], "excluded_lines": []}, "": {"executed_lines": [1, 3, 4, 7, 8, 9, 11, 12, 13, 14, 15, 16, 18, 28, 29, 40, 41, 42, 44, 45, 46, 47, 49, 57, 58, 67, 68, 69, 71, 72, 73, 74, 75, 77, 86, 87, 97, 98, 99, 100, 102, 103, 104, 105, 106, 108, 117, 118, 128, 129, 130, 132, 133, 134, 135, 136, 138, 147, 148, 158, 159, 160, 162, 163, 164, 165, 166, 167, 168, 171, 172, 173, 176, 177, 178, 179, 180, 182, 205, 206], "summary": {"covered_lines": 73, "num_statements": 73, "percent_covered": 100.0, "percent_covered_display": "100", "missing_lines": 0, "excluded_lines": 0}, "missing_lines": [], "excluded_lines": []}}}, "aidlc/audit_schemas.py": {"executed_lines": [1, 3, 5, 34, 61, 66], "summary": {"covered_lines": 5, "num_statements": 7, "percent_covered": 71.42857142857143, "percent_covered_display": "71", "missing_lines": 2, "excluded_lines": 0}, "missing_lines": [63, 68], "excluded_lines": [], "functions": {"parse_audit_module_output": {"executed_lines": [], "summary": {"covered_lines": 0, "num_statements": 1, "percent_covered": 0.0, "percent_covered_display": "0", "missing_lines": 1, "excluded_lines": 0}, "missing_lines": [63], "excluded_lines": []}, "parse_audit_feature_output": {"executed_lines": [], "summary": {"covered_lines": 0, "num_statements": 1, "percent_covered": 0.0, "percent_covered_display": "0", "missing_lines": 1, "excluded_lines": 0}, "missing_lines": [68], "excluded_lines": []}, "": {"executed_lines": [1, 3, 5, 34, 61, 66], "summary": {"covered_lines": 5, "num_statements": 5, "percent_covered": 100.0, "percent_covered_display": "100", "missing_lines": 0, "excluded_lines": 0}, "missing_lines": [], "excluded_lines": []}}, "classes": {"": {"executed_lines": [1, 3, 5, 34, 61, 66], "summary": {"covered_lines": 5, "num_statements": 7, "percent_covered": 71.42857142857143, "percent_covered_display": "71", "missing_lines": 2, "excluded_lines": 0}, "missing_lines": [63, 68], "excluded_lines": []}}}, "aidlc/auditor.py": {"executed_lines": [1, 3, 4, 6, 7, 8, 9, 10, 11, 14, 15, 17, 24, 25, 26, 27, 28, 31, 32, 33, 34, 42, 43, 44, 45, 47, 50, 52, 53, 54, 56, 57, 58, 60, 61, 62, 64, 65, 66, 68, 69, 71, 73, 78, 79, 83, 84, 86], "summary": {"covered_lines": 46, "num_statements": 48, "percent_covered": 95.83333333333333, "percent_covered_display": "96", "missing_lines": 2, "excluded_lines": 0}, "missing_lines": [48, 80], "excluded_lines": [], "functions": {"CodeAuditor.__init__": {"executed_lines": [24, 25, 26, 27, 28, 31, 32, 33, 34, 42, 43, 44, 45], "summary": {"covered_lines": 13, "num_statements": 13, "percent_covered": 100.0, "percent_covered_display": "100", "missing_lines": 0, "excluded_lines": 0}, "missing_lines": [], "excluded_lines": []}, "CodeAuditor._mark_degraded": {"executed_lines": [], "summary": {"covered_lines": 0, "num_statements": 1, "percent_covered": 0.0, "percent_covered_display": "0", "missing_lines": 1, "excluded_lines": 0}, "missing_lines": [48], "excluded_lines": []}, "CodeAuditor.run": {"executed_lines": [52, 53, 54, 56, 57, 58, 60, 61, 62, 64, 65, 66, 68, 69, 71, 73, 78, 79, 83, 84, 86], "summary": {"covered_lines": 21, "num_statements": 22, "percent_covered": 95.45454545454545, "percent_covered_display": "95", "missing_lines": 1, "excluded_lines": 0}, "missing_lines": [80], "excluded_lines": []}, "": {"executed_lines": [1, 3, 4, 6, 7, 8, 9, 10, 11, 14, 15, 17, 47, 50], "summary": {"covered_lines": 12, "num_statements": 12, "percent_covered": 100.0, "percent_covered_display": "100", "missing_lines": 0, "excluded_lines": 0}, "missing_lines": [], "excluded_lines": []}}, "classes": {"CodeAuditor": {"executed_lines": [24, 25, 26, 27, 28, 31, 32, 33, 34, 42, 43, 44, 45, 52, 53, 54, 56, 57, 58, 60, 61, 62, 64, 65, 66, 68, 69, 71, 73, 78, 79, 83, 84, 86], "summary": {"covered_lines": 34, "num_statements": 36, "percent_covered": 94.44444444444444, "percent_covered_display": "94", "missing_lines": 2, "excluded_lines": 0}, "missing_lines": [48, 80], "excluded_lines": []}, "": {"executed_lines": [1, 3, 4, 6, 7, 8, 9, 10, 11, 14, 15, 17, 47, 50], "summary": {"covered_lines": 12, "num_statements": 12, "percent_covered": 100.0, "percent_covered_display": "100", "missing_lines": 0, "excluded_lines": 0}, "missing_lines": [], "excluded_lines": []}}}, "aidlc/claude_cli.py": {"executed_lines": [1, 6, 7, 8, 9, 10, 11, 12, 14, 18, 28, 30, 31, 32, 33, 34, 38, 39, 42, 43, 44, 45, 46, 47, 49, 50, 52, 53, 54, 55, 56, 57, 58, 60, 79, 80, 81, 94, 95, 103, 104, 106, 107, 108, 109, 110, 114, 115, 116, 117, 118, 119, 120, 121, 122, 123, 124, 125, 126, 127, 128, 129, 134, 137, 146, 147, 150, 151, 152, 153, 154, 155, 156, 157, 158, 159, 164, 169, 170, 171, 175, 176, 177, 178, 179, 180, 183, 184, 185, 189, 191, 192, 193, 194, 195, 198, 199, 200, 203, 206, 210, 223, 224, 225, 226, 227, 228, 229, 230, 232, 235, 236, 237, 238, 239, 240, 241, 247, 248, 249, 250, 251, 252, 257, 258, 259, 260, 261, 265, 266, 267, 268, 274, 275, 276, 277, 278, 279, 283, 284, 285, 287, 288, 293, 294, 309, 322, 323, 328, 329, 330, 331, 332, 334, 337, 338, 339, 340, 341, 343, 344, 345, 346, 347, 348, 349, 350, 351, 354, 356, 357, 358, 361, 362, 364, 365, 367, 368, 369, 376, 377, 381, 382, 407, 408, 410, 411, 415, 416, 418, 419, 421, 423, 424, 437, 438, 440, 441, 445, 447, 449, 450, 452, 453, 455, 456, 457, 458, 459, 460, 461, 463, 464, 465, 467, 468, 470, 471, 472], "summary": {"covered_lines": 218, "num_statements": 258, "percent_covered": 84.49612403100775, "percent_covered_display": "84", "missing_lines": 40, "excluded_lines": 0}, "missing_lines": [35, 48, 51, 186, 187, 188, 196, 335, 352, 353, 355, 370, 371, 372, 374, 378, 379, 380, 409, 412, 413, 417, 426, 427, 428, 429, 430, 431, 432, 433, 434, 435, 442, 443, 466, 473, 474, 480, 481, 482], "excluded_lines": [], "functions": {"_compact_text": {"executed_lines": [30, 31, 32, 33, 34], "summary": {"covered_lines": 5, "num_statements": 6, "percent_covered": 83.33333333333333, "percent_covered_display": "83", "missing_lines": 1, "excluded_lines": 0}, "missing_lines": [35], "excluded_lines": []}, "ClaudeCLI.__init__": {"executed_lines": [44, 45, 46, 47, 49, 50, 52, 53, 54, 55, 56, 57, 58], "summary": {"covered_lines": 13, "num_statements": 15, "percent_covered": 86.66666666666667, "percent_covered_display": "87", "missing_lines": 2, "excluded_lines": 0}, "missing_lines": [48, 51], "excluded_lines": []}, "ClaudeCLI.execute_prompt": {"executed_lines": [79, 80, 81, 94, 95, 103, 104, 106, 107, 108, 109, 110, 114, 115, 116, 117, 118, 119, 120, 121, 122, 123, 124, 125, 126, 127, 128, 129, 134, 137, 146, 147, 150, 151, 152, 153, 154, 155, 156, 157, 158, 159, 164, 169, 170, 171, 175, 176, 177, 178, 179, 180, 183, 184, 185, 189, 191, 192, 193, 194, 195, 198, 199, 200, 203, 206, 210, 223, 224, 225, 226, 227, 228, 229, 230, 232, 235, 236, 237, 238, 239, 240, 241, 247, 248, 249, 250, 251, 252, 257, 258, 259, 260, 261, 265, 266, 267, 268, 274, 275, 276, 277, 278, 279, 283, 284, 285, 287, 288, 293, 294, 309], "summary": {"covered_lines": 112, "num_statements": 116, "percent_covered": 96.55172413793103, "percent_covered_display": "97", "missing_lines": 4, "excluded_lines": 0}, "missing_lines": [186, 187, 188, 196], "excluded_lines": []}, "ClaudeCLI._extract_cli_metadata": {"executed_lines": [328, 329, 330, 331, 332, 334, 337, 338, 339, 340, 341, 343, 344, 345, 346, 347, 348, 349, 350, 351, 354, 356, 357, 358, 361, 362, 364, 365, 367, 368, 369, 376, 377, 381, 382, 407, 408, 410, 411, 415, 416, 418, 419, 421], "summary": {"covered_lines": 44, "num_statements": 59, "percent_covered": 74.57627118644068, "percent_covered_display": "75", "missing_lines": 15, "excluded_lines": 0}, "missing_lines": [335, 352, 353, 355, 370, 371, 372, 374, 378, 379, 380, 409, 412, 413, 417], "excluded_lines": []}, "ClaudeCLI._extract_text_from_message": {"executed_lines": [], "summary": {"covered_lines": 0, "num_statements": 10, "percent_covered": 0.0, "percent_covered_display": "0", "missing_lines": 10, "excluded_lines": 0}, "missing_lines": [426, 427, 428, 429, 430, 431, 432, 433, 434, 435], "excluded_lines": []}, "ClaudeCLI._request_graceful_stop": {"executed_lines": [440, 441], "summary": {"covered_lines": 2, "num_statements": 4, "percent_covered": 50.0, "percent_covered_display": "50", "missing_lines": 2, "excluded_lines": 0}, "missing_lines": [442, 443], "excluded_lines": []}, "ClaudeCLI._retry_delay": {"executed_lines": [447, 449, 450, 452, 453], "summary": {"covered_lines": 5, "num_statements": 5, "percent_covered": 100.0, "percent_covered_display": "100", "missing_lines": 0, "excluded_lines": 0}, "missing_lines": [], "excluded_lines": []}, "ClaudeCLI._classify_failure": {"executed_lines": [457, 458, 459, 460, 461], "summary": {"covered_lines": 5, "num_statements": 5, "percent_covered": 100.0, "percent_covered_display": "100", "missing_lines": 0, "excluded_lines": 0}, "missing_lines": [], "excluded_lines": []}, "ClaudeCLI._is_service_outage": {"executed_lines": [465, 467, 468], "summary": {"covered_lines": 3, "num_statements": 4, "percent_covered": 75.0, "percent_covered_display": "75", "missing_lines": 1, "excluded_lines": 0}, "missing_lines": [466], "excluded_lines": []}, "ClaudeCLI.check_available": {"executed_lines": [471, 472], "summary": {"covered_lines": 2, "num_statements": 7, "percent_covered": 28.571428571428573, "percent_covered_display": "29", "missing_lines": 5, "excluded_lines": 0}, "missing_lines": [473, 474, 480, 481, 482], "excluded_lines": []}, "": {"executed_lines": [1, 6, 7, 8, 9, 10, 11, 12, 14, 18, 28, 38, 39, 42, 43, 60, 322, 323, 423, 424, 437, 438, 445, 455, 456, 463, 464, 470], "summary": {"covered_lines": 27, "num_statements": 27, "percent_covered": 100.0, "percent_covered_display": "100", "missing_lines": 0, "excluded_lines": 0}, "missing_lines": [], "excluded_lines": []}}, "classes": {"ClaudeCLIError": {"executed_lines": [], "summary": {"covered_lines": 0, "num_statements": 0, "percent_covered": 100.0, "percent_covered_display": "100", "missing_lines": 0, "excluded_lines": 0}, "missing_lines": [], "excluded_lines": []}, "ClaudeCLI": {"executed_lines": [44, 45, 46, 47, 49, 50, 52, 53, 54, 55, 56, 57, 58, 79, 80, 81, 94, 95, 103, 104, 106, 107, 108, 109, 110, 114, 115, 116, 117, 118, 119, 120, 121, 122, 123, 124, 125, 126, 127, 128, 129, 134, 137, 146, 147, 150, 151, 152, 153, 154, 155, 156, 157, 158, 159, 164, 169, 170, 171, 175, 176, 177, 178, 179, 180, 183, 184, 185, 189, 191, 192, 193, 194, 195, 198, 199, 200, 203, 206, 210, 223, 224, 225, 226, 227, 228, 229, 230, 232, 235, 236, 237, 238, 239, 240, 241, 247, 248, 249, 250, 251, 252, 257, 258, 259, 260, 261, 265, 266, 267, 268, 274, 275, 276, 277, 278, 279, 283, 284, 285, 287, 288, 293, 294, 309, 328, 329, 330, 331, 332, 334, 337, 338, 339, 340, 341, 343, 344, 345, 346, 347, 348, 349, 350, 351, 354, 356, 357, 358, 361, 362, 364, 365, 367, 368, 369, 376, 377, 381, 382, 407, 408, 410, 411, 415, 416, 418, 419, 421, 440, 441, 447, 449, 450, 452, 453, 457, 458, 459, 460, 461, 465, 467, 468, 471, 472], "summary": {"covered_lines": 186, "num_statements": 225, "percent_covered": 82.66666666666667, "percent_covered_display": "83", "missing_lines": 39, "excluded_lines": 0}, "missing_lines": [48, 51, 186, 187, 188, 196, 335, 352, 353, 355, 370, 371, 372, 374, 378, 379, 380, 409, 412, 413, 417, 426, 427, 428, 429, 430, 431, 432, 433, 434, 435, 442, 443, 466, 473, 474, 480, 481, 482], "excluded_lines": []}, "": {"executed_lines": [1, 6, 7, 8, 9, 10, 11, 12, 14, 18, 28, 30, 31, 32, 33, 34, 38, 39, 42, 43, 60, 322, 323, 423, 424, 437, 438, 445, 455, 456, 463, 464, 470], "summary": {"covered_lines": 32, "num_statements": 33, "percent_covered": 96.96969696969697, "percent_covered_display": "97", "missing_lines": 1, "excluded_lines": 0}, "missing_lines": [35], "excluded_lines": []}}}, "aidlc/cli/__init__.py": {"executed_lines": [1], "summary": {"covered_lines": 0, "num_statements": 0, "percent_covered": 100.0, "percent_covered_display": "100", "missing_lines": 0, "excluded_lines": 0}, "missing_lines": [], "excluded_lines": [], "functions": {"": {"executed_lines": [1], "summary": {"covered_lines": 0, "num_statements": 0, "percent_covered": 100.0, "percent_covered_display": "100", "missing_lines": 0, "excluded_lines": 0}, "missing_lines": [], "excluded_lines": []}}, "classes": {"": {"executed_lines": [1], "summary": {"covered_lines": 0, "num_statements": 0, "percent_covered": 100.0, "percent_covered_display": "100", "missing_lines": 0, "excluded_lines": 0}, "missing_lines": [], "excluded_lines": []}}}, "aidlc/cli/accounts.py": {"executed_lines": [1, 3, 4, 5, 6, 8, 9, 10, 12, 15, 37, 77, 112, 125], "summary": {"covered_lines": 13, "num_statements": 104, "percent_covered": 12.5, "percent_covered_display": "12", "missing_lines": 91, "excluded_lines": 0}, "missing_lines": [17, 19, 20, 22, 24, 25, 26, 27, 28, 29, 30, 31, 33, 34, 39, 40, 41, 42, 43, 44, 46, 47, 48, 49, 56, 59, 60, 65, 66, 67, 68, 69, 70, 71, 72, 73, 74, 79, 80, 81, 82, 83, 85, 86, 87, 88, 89, 90, 92, 93, 95, 103, 104, 105, 106, 107, 108, 109, 114, 115, 116, 117, 118, 119, 120, 122, 127, 128, 129, 131, 132, 134, 135, 136, 137, 138, 139, 140, 141, 148, 151, 152, 153, 154, 155, 156, 157, 158, 159, 160, 161], "excluded_lines": [], "functions": {"cmd_accounts": {"executed_lines": [], "summary": {"covered_lines": 0, "num_statements": 14, "percent_covered": 0.0, "percent_covered_display": "0", "missing_lines": 14, "excluded_lines": 0}, "missing_lines": [17, 19, 20, 22, 24, 25, 26, 27, 28, 29, 30, 31, 33, 34], "excluded_lines": []}, "list_accounts": {"executed_lines": [], "summary": {"covered_lines": 0, "num_statements": 23, "percent_covered": 0.0, "percent_covered_display": "0", "missing_lines": 23, "excluded_lines": 0}, "missing_lines": [39, 40, 41, 42, 43, 44, 46, 47, 48, 49, 56, 59, 60, 65, 66, 67, 68, 69, 70, 71, 72, 73, 74], "excluded_lines": []}, "add_account": {"executed_lines": [], "summary": {"covered_lines": 0, "num_statements": 21, "percent_covered": 0.0, "percent_covered_display": "0", "missing_lines": 21, "excluded_lines": 0}, "missing_lines": [79, 80, 81, 82, 83, 85, 86, 87, 88, 89, 90, 92, 93, 95, 103, 104, 105, 106, 107, 108, 109], "excluded_lines": []}, "remove_account": {"executed_lines": [], "summary": {"covered_lines": 0, "num_statements": 8, "percent_covered": 0.0, "percent_covered_display": "0", "missing_lines": 8, "excluded_lines": 0}, "missing_lines": [114, 115, 116, 117, 118, 119, 120, 122], "excluded_lines": []}, "validate_account": {"executed_lines": [], "summary": {"covered_lines": 0, "num_statements": 25, "percent_covered": 0.0, "percent_covered_display": "0", "missing_lines": 25, "excluded_lines": 0}, "missing_lines": [127, 128, 129, 131, 132, 134, 135, 136, 137, 138, 139, 140, 141, 148, 151, 152, 153, 154, 155, 156, 157, 158, 159, 160, 161], "excluded_lines": []}, "": {"executed_lines": [1, 3, 4, 5, 6, 8, 9, 10, 12, 15, 37, 77, 112, 125], "summary": {"covered_lines": 13, "num_statements": 13, "percent_covered": 100.0, "percent_covered_display": "100", "missing_lines": 0, "excluded_lines": 0}, "missing_lines": [], "excluded_lines": []}}, "classes": {"": {"executed_lines": [1, 3, 4, 5, 6, 8, 9, 10, 12, 15, 37, 77, 112, 125], "summary": {"covered_lines": 13, "num_statements": 104, "percent_covered": 12.5, "percent_covered_display": "12", "missing_lines": 91, "excluded_lines": 0}, "missing_lines": [17, 19, 20, 22, 24, 25, 26, 27, 28, 29, 30, 31, 33, 34, 39, 40, 41, 42, 43, 44, 46, 47, 48, 49, 56, 59, 60, 65, 66, 67, 68, 69, 70, 71, 72, 73, 74, 79, 80, 81, 82, 83, 85, 86, 87, 88, 89, 90, 92, 93, 95, 103, 104, 105, 106, 107, 108, 109, 114, 115, 116, 117, 118, 119, 120, 122, 127, 128, 129, 131, 132, 134, 135, 136, 137, 138, 139, 140, 141, 148, 151, 152, 153, 154, 155, 156, 157, 158, 159, 160, 161], "excluded_lines": []}}}, "aidlc/cli/config_cmd.py": {"executed_lines": [1, 3, 4, 5, 6, 7, 8, 9, 11, 12, 13, 14, 25, 54, 66, 209, 262], "summary": {"covered_lines": 16, "num_statements": 214, "percent_covered": 7.4766355140186915, "percent_covered_display": "7", "missing_lines": 198, "excluded_lines": 0}, "missing_lines": [27, 28, 29, 31, 33, 34, 35, 37, 38, 39, 41, 46, 48, 49, 51, 56, 57, 58, 60, 61, 62, 63, 68, 69, 70, 72, 73, 75, 76, 78, 80, 81, 82, 83, 84, 85, 86, 87, 89, 90, 91, 92, 93, 94, 95, 96, 97, 98, 100, 107, 109, 110, 112, 113, 115, 116, 117, 118, 119, 121, 122, 123, 124, 125, 126, 127, 128, 129, 131, 132, 133, 134, 135, 136, 137, 139, 140, 141, 142, 143, 144, 145, 147, 152, 153, 155, 156, 157, 159, 160, 161, 162, 163, 165, 166, 167, 168, 169, 170, 171, 175, 177, 178, 179, 181, 182, 183, 184, 185, 187, 188, 189, 190, 191, 192, 193, 194, 196, 197, 198, 199, 201, 202, 204, 206, 211, 212, 213, 214, 215, 216, 217, 219, 220, 221, 222, 223, 224, 225, 226, 230, 232, 237, 239, 240, 241, 242, 243, 244, 245, 246, 247, 255, 256, 257, 258, 259, 264, 265, 267, 268, 269, 270, 271, 273, 274, 275, 276, 278, 279, 280, 281, 282, 283, 284, 285, 286, 287, 289, 290, 292, 293, 294, 295, 296, 297, 298, 299, 303, 305, 306, 307, 308, 309, 310, 311, 312, 316], "excluded_lines": [], "functions": {"cmd_config_show": {"executed_lines": [], "summary": {"covered_lines": 0, "num_statements": 15, "percent_covered": 0.0, "percent_covered_display": "0", "missing_lines": 15, "excluded_lines": 0}, "missing_lines": [27, 28, 29, 31, 33, 34, 35, 37, 38, 39, 41, 46, 48, 49, 51], "excluded_lines": []}, "cmd_config_edit": {"executed_lines": [], "summary": {"covered_lines": 0, "num_statements": 7, "percent_covered": 0.0, "percent_covered_display": "0", "missing_lines": 7, "excluded_lines": 0}, "missing_lines": [56, 57, 58, 60, 61, 62, 63], "excluded_lines": []}, "run_config_wizard": {"executed_lines": [], "summary": {"covered_lines": 0, "num_statements": 87, "percent_covered": 0.0, "percent_covered_display": "0", "missing_lines": 87, "excluded_lines": 0}, "missing_lines": [68, 69, 70, 72, 73, 75, 76, 78, 80, 89, 100, 107, 109, 110, 112, 113, 115, 116, 117, 118, 119, 121, 122, 123, 124, 125, 126, 127, 128, 129, 131, 132, 133, 134, 135, 136, 137, 139, 140, 141, 142, 143, 144, 145, 147, 152, 153, 155, 156, 157, 159, 160, 161, 162, 163, 165, 166, 167, 168, 169, 170, 171, 175, 177, 178, 179, 181, 182, 183, 184, 185, 187, 188, 189, 190, 191, 192, 193, 194, 196, 197, 198, 199, 201, 202, 204, 206], "excluded_lines": []}, "run_config_wizard._prompt": {"executed_lines": [], "summary": {"covered_lines": 0, "num_statements": 7, "percent_covered": 0.0, "percent_covered_display": "0", "missing_lines": 7, "excluded_lines": 0}, "missing_lines": [81, 82, 83, 84, 85, 86, 87], "excluded_lines": []}, "run_config_wizard._prompt_choice": {"executed_lines": [], "summary": {"covered_lines": 0, "num_statements": 9, "percent_covered": 0.0, "percent_covered_display": "0", "missing_lines": 9, "excluded_lines": 0}, "missing_lines": [90, 91, 92, 93, 94, 95, 96, 97, 98], "excluded_lines": []}, "print_config_summary": {"executed_lines": [], "summary": {"covered_lines": 0, "num_statements": 32, "percent_covered": 0.0, "percent_covered_display": "0", "missing_lines": 32, "excluded_lines": 0}, "missing_lines": [211, 212, 213, 214, 215, 216, 217, 219, 220, 221, 222, 223, 224, 225, 226, 230, 232, 237, 239, 240, 241, 242, 243, 244, 245, 246, 247, 255, 256, 257, 258, 259], "excluded_lines": []}, "print_effective_preview": {"executed_lines": [], "summary": {"covered_lines": 0, "num_statements": 41, "percent_covered": 0.0, "percent_covered_display": "0", "missing_lines": 41, "excluded_lines": 0}, "missing_lines": [264, 265, 267, 268, 269, 270, 271, 273, 274, 275, 276, 278, 279, 280, 281, 282, 283, 284, 285, 286, 287, 289, 290, 292, 293, 294, 295, 296, 297, 298, 299, 303, 305, 306, 307, 308, 309, 310, 311, 312, 316], "excluded_lines": []}, "": {"executed_lines": [1, 3, 4, 5, 6, 7, 8, 9, 11, 12, 13, 14, 25, 54, 66, 209, 262], "summary": {"covered_lines": 16, "num_statements": 16, "percent_covered": 100.0, "percent_covered_display": "100", "missing_lines": 0, "excluded_lines": 0}, "missing_lines": [], "excluded_lines": []}}, "classes": {"": {"executed_lines": [1, 3, 4, 5, 6, 7, 8, 9, 11, 12, 13, 14, 25, 54, 66, 209, 262], "summary": {"covered_lines": 16, "num_statements": 214, "percent_covered": 7.4766355140186915, "percent_covered_display": "7", "missing_lines": 198, "excluded_lines": 0}, "missing_lines": [27, 28, 29, 31, 33, 34, 35, 37, 38, 39, 41, 46, 48, 49, 51, 56, 57, 58, 60, 61, 62, 63, 68, 69, 70, 72, 73, 75, 76, 78, 80, 81, 82, 83, 84, 85, 86, 87, 89, 90, 91, 92, 93, 94, 95, 96, 97, 98, 100, 107, 109, 110, 112, 113, 115, 116, 117, 118, 119, 121, 122, 123, 124, 125, 126, 127, 128, 129, 131, 132, 133, 134, 135, 136, 137, 139, 140, 141, 142, 143, 144, 145, 147, 152, 153, 155, 156, 157, 159, 160, 161, 162, 163, 165, 166, 167, 168, 169, 170, 171, 175, 177, 178, 179, 181, 182, 183, 184, 185, 187, 188, 189, 190, 191, 192, 193, 194, 196, 197, 198, 199, 201, 202, 204, 206, 211, 212, 213, 214, 215, 216, 217, 219, 220, 221, 222, 223, 224, 225, 226, 230, 232, 237, 239, 240, 241, 242, 243, 244, 245, 246, 247, 255, 256, 257, 258, 259, 264, 265, 267, 268, 269, 270, 271, 273, 274, 275, 276, 278, 279, 280, 281, 282, 283, 284, 285, 286, 287, 289, 290, 292, 293, 294, 295, 296, 297, 298, 299, 303, 305, 306, 307, 308, 309, 310, 311, 312, 316], "excluded_lines": []}}}, "aidlc/cli/display.py": {"executed_lines": [1, 3, 4, 6, 10, 12, 15, 17, 20, 22, 25, 27, 30, 32, 35, 37, 41, 43, 44, 47, 58], "summary": {"covered_lines": 20, "num_statements": 76, "percent_covered": 26.31578947368421, "percent_covered_display": "26", "missing_lines": 56, "excluded_lines": 0}, "missing_lines": [49, 50, 51, 52, 53, 54, 55, 60, 62, 63, 64, 65, 66, 68, 69, 70, 75, 79, 80, 82, 83, 84, 85, 87, 88, 89, 90, 91, 93, 94, 95, 96, 98, 99, 100, 101, 102, 103, 105, 106, 107, 108, 110, 111, 112, 114, 117, 118, 120, 121, 122, 123, 124, 125, 126, 128], "excluded_lines": [], "functions": {"bold": {"executed_lines": [12], "summary": {"covered_lines": 1, "num_statements": 1, "percent_covered": 100.0, "percent_covered_display": "100", "missing_lines": 0, "excluded_lines": 0}, "missing_lines": [], "excluded_lines": []}, "green": {"executed_lines": [17], "summary": {"covered_lines": 1, "num_statements":
[...]
2, 133, 134, 137, 142, 143, 144, 145, 146, 147, 148, 149, 150, 153, 174, 189, 190, 191, 192, 193, 198, 199, 201, 202, 203, 204], "summary": {"covered_lines": 113, "num_statements": 140, "percent_covered": 80.71428571428571, "percent_covered_display": "81", "missing_lines": 27, "excluded_lines": 0}, "missing_lines": [16, 17, 58, 59, 117, 118, 158, 159, 160, 161, 162, 167, 169, 170, 171, 176, 177, 178, 179, 180, 181, 182, 183, 184, 185, 186, 200], "excluded_lines": [], "functions": {"_chmod_owner_only": {"executed_lines": [14, 15], "summary": {"covered_lines": 2, "num_statements": 4, "percent_covered": 50.0, "percent_covered_display": "50", "missing_lines": 2, "excluded_lines": 0}, "missing_lines": [16, 17], "excluded_lines": []}, "RunLock.__init__": {"executed_lines": [28], "summary": {"covered_lines": 1, "num_statements": 1, "percent_covered": 100.0, "percent_covered_display": "100", "missing_lines": 0, "excluded_lines": 0}, "missing_lines": [], "excluded_lines": []}, "RunLock.acquire": {"executed_lines": [32, 33, 34, 35, 36, 37, 42, 43, 44, 46, 47, 48], "summary": {"covered_lines": 12, "num_statements": 12, "percent_covered": 100.0, "percent_covered_display": "100", "missing_lines": 0, "excluded_lines": 0}, "missing_lines": [], "excluded_lines": []}, "RunLock.release": {"executed_lines": [52, 53, 54, 55, 56, 57], "summary": {"covered_lines": 6, "num_statements": 8, "percent_covered": 75.0, "percent_covered_display": "75", "missing_lines": 2, "excluded_lines": 0}, "missing_lines": [58, 59], "excluded_lines": []}, "RunLock._is_pid_alive": {"executed_lines": [64, 65, 66, 67, 68], "summary": {"covered_lines": 5, "num_statements": 5, "percent_covered": 100.0, "percent_covered_display": "100", "missing_lines": 0, "excluded_lines": 0}, "missing_lines": [], "excluded_lines": []}, "RunLock.__enter__": {"executed_lines": [71, 72], "summary": {"covered_lines": 2, "num_statements": 2, "percent_covered": 100.0, "percent_covered_display": "100", "missing_lines": 0, "excluded_lines": 0}, "missing_lines": [], "excluded_lines": []}, "RunLock.__exit__": {"executed_lines": [75, 76], "summary": {"covered_lines": 2, "num_statements": 2, "percent_covered": 100.0, "percent_covered_display": "100", "missing_lines": 0, "excluded_lines": 0}, "missing_lines": [], "excluded_lines": []}, "generate_run_id": {"executed_lines": [80, 81, 82], "summary": {"covered_lines": 3, "num_statements": 3, "percent_covered": 100.0, "percent_covered_display": "100", "missing_lines": 0, "excluded_lines": 0}, "missing_lines": [], "excluded_lines": []}, "save_state": {"executed_lines": [86, 87, 88, 89, 90, 91, 92, 93], "summary": {"covered_lines": 8, "num_statements": 8, "percent_covered": 100.0, "percent_covered_display": "100", "missing_lines": 0, "excluded_lines": 0}, "missing_lines": [], "excluded_lines": []}, "load_state": {"executed_lines": [97, 98, 100, 101, 102, 103, 104, 105, 106, 108, 109, 110, 111, 112, 113, 114, 115, 116, 120], "summary": {"covered_lines": 19, "num_statements": 21, "percent_covered": 90.47619047619048, "percent_covered_display": "90", "missing_lines": 2, "excluded_lines": 0}, "missing_lines": [117, 118], "excluded_lines": []}, "checkpoint": {"executed_lines": [124, 125, 126, 127, 128, 129, 130, 131, 132, 133, 134], "summary": {"covered_lines": 11, "num_statements": 11, "percent_covered": 100.0, "percent_covered_display": "100", "missing_lines": 0, "excluded_lines": 0}, "missing_lines": [], "excluded_lines": []}, "save_cycle_snapshot": {"executed_lines": [142, 143, 144, 145, 146, 147, 148, 149, 150], "summary": {"covered_lines": 9, "num_statements": 9, "percent_covered": 100.0, "percent_covered_display": "100", "missing_lines": 0, "excluded_lines": 0}, "missing_lines": [], "excluded_lines": []}, "load_cycle_snapshot": {"executed_lines": [], "summary": {"covered_lines": 0, "num_statements": 9, "percent_covered": 0.0, "percent_covered_display": "0", "missing_lines": 9, "excluded_lines": 0}, "missing_lines": [158, 159, 160, 161, 162, 167, 169, 170, 171], "excluded_lines": []}, "list_cycle_snapshots": {"executed_lines": [], "summary": {"covered_lines": 0, "num_statements": 11, "percent_covered": 0.0, "percent_covered_display": "0", "missing_lines": 11, "excluded_lines": 0}, "missing_lines": [176, 177, 178, 179, 180, 181, 182, 183, 184, 185, 186], "excluded_lines": []}, "find_latest_run": {"executed_lines": [190, 191, 192, 193, 198, 199, 201, 202, 203, 204], "summary": {"covered_lines": 10, "num_statements": 11, "percent_covered": 90.9090909090909, "percent_covered_display": "91", "missing_lines": 1, "excluded_lines": 0}, "missing_lines": [200], "excluded_lines": []}, "": {"executed_lines": [1, 3, 4, 5, 6, 7, 9, 12, 20, 21, 27, 30, 50, 61, 62, 70, 74, 79, 85, 96, 123, 137, 153, 174, 189], "summary": {"covered_lines": 23, "num_statements": 23, "percent_covered": 100.0, "percent_covered_display": "100", "missing_lines": 0, "excluded_lines": 0}, "missing_lines": [], "excluded_lines": []}}, "classes": {"RunLock": {"executed_lines": [28, 32, 33, 34, 35, 36, 37, 42, 43, 44, 46, 47, 48, 52, 53, 54, 55, 56, 57, 64, 65, 66, 67, 68, 71, 72, 75, 76], "summary": {"covered_lines": 28, "num_statements": 30, "percent_covered": 93.33333333333333, "percent_covered_display": "93", "missing_lines": 2, "excluded_lines": 0}, "missing_lines": [58, 59], "excluded_lines": []}, "": {"executed_lines": [1, 3, 4, 5, 6, 7, 9, 12, 14, 15, 20, 21, 27, 30, 50, 61, 62, 70, 74, 79, 80, 81, 82, 85, 86, 87, 88, 89, 90, 91, 92, 93, 96, 97, 98, 100, 101, 102, 103, 104, 105, 106, 108, 109, 110, 111, 112, 113, 114, 115, 116, 120, 123, 124, 125, 126, 127, 128, 129, 130, 131, 132, 133, 134, 137, 142, 143, 144, 145, 146, 147, 148, 149, 150, 153, 174, 189, 190, 191, 192, 193, 198, 199, 201, 202, 203, 204], "summary": {"covered_lines": 85, "num_statements": 110, "percent_covered": 77.27272727272727, "percent_covered_display": "77", "missing_lines": 25, "excluded_lines": 0}, "missing_lines": [16, 17, 117, 118, 158, 159, 160, 161, 162, 167, 169, 170, 171, 176, 177, 178, 179, 180, 181, 182, 183, 184, 185, 186, 200], "excluded_lines": []}}}, "aidlc/test_parser.py": {"executed_lines": [1, 7, 8, 11, 12, 13, 15, 16, 17, 18, 19, 20, 22, 24, 25, 26, 27, 30, 43, 44, 46, 47, 49, 59, 60, 61, 64, 66, 67, 68, 70, 72, 74, 76, 78, 81, 83, 85, 89, 90, 91, 92, 93, 103, 115, 116, 123, 126, 128, 130, 131, 156, 157, 158, 159, 167, 170, 172, 173, 177, 178, 179, 181, 182, 183, 185, 196, 199, 229, 252, 281, 283, 286, 291, 292, 293, 294, 295, 296, 297, 304], "summary": {"covered_lines": 79, "num_statements": 128, "percent_covered": 61.71875, "percent_covered_display": "62", "missing_lines": 49, "excluded_lines": 0}, "missing_lines": [69, 71, 73, 75, 77, 104, 105, 106, 117, 118, 119, 120, 121, 132, 133, 136, 137, 138, 141, 142, 144, 201, 202, 206, 207, 208, 210, 211, 212, 213, 215, 226, 231, 232, 236, 237, 238, 240, 249, 254, 255, 259, 260, 261, 263, 264, 265, 267, 278], "excluded_lines": [], "functions": {"FailureReport.short_description": {"executed_lines": [24, 25, 26, 27], "summary": {"covered_lines": 4, "num_statements": 4, "percent_covered": 100.0, "percent_covered_display": "100", "missing_lines": 0, "excluded_lines": 0}, "missing_lines": [], "excluded_lines": []}, "parse_test_failures": {"executed_lines": [43, 44, 46, 47, 49, 59, 60, 61], "summary": {"covered_lines": 8, "num_statements": 8, "percent_covered": 100.0, "percent_covered_display": "100", "missing_lines": 0, "excluded_lines": 0}, "missing_lines": [], "excluded_lines": []}, "_detect_framework": {"executed_lines": [66, 67, 68, 70, 72, 74, 76, 78], "summary": {"covered_lines": 8, "num_statements": 13, "percent_covered": 61.53846153846154, "percent_covered_display": "62", "missing_lines": 5, "excluded_lines": 0}, "missing_lines": [69, 71, 73, 75, 77], "excluded_lines": []}, "_parse_pytest": {"executed_lines": [83, 85, 89, 90, 91, 92, 93, 103, 115, 116, 123], "summary": {"covered_lines": 11, "num_statements": 19, "percent_covered": 57.89473684210526, "percent_covered_display": "58", "missing_lines": 8, "excluded_lines": 0}, "missing_lines": [104, 105, 106, 117, 118, 119, 120, 121], "excluded_lines": []}, "_parse_jest": {"executed_lines": [128, 130, 131, 156, 157, 158, 159, 167], "summary": {"covered_lines": 8, "num_statements": 16, "percent_covered": 50.0, "percent_covered_display": "50", "missing_lines": 8, "excluded_lines": 0}, "missing_lines": [132, 133, 136, 137, 138, 141, 142, 144], "excluded_lines": []}, "_parse_go": {"executed_lines": [172, 173, 177, 178, 179, 181, 182, 183, 185, 196], "summary": {"covered_lines": 10, "num_statements": 10, "percent_covered": 100.0, "percent_covered_display": "100", "missing_lines": 0, "excluded_lines": 0}, "missing_lines": [], "excluded_lines": []}, "_parse_cargo": {"executed_lines": [], "summary": {"covered_lines": 0, "num_statements": 11, "percent_covered": 0.0, "percent_covered_display": "0", "missing_lines": 11, "excluded_lines": 0}, "missing_lines": [201, 202, 206, 207, 208, 210, 211, 212, 213, 215, 226], "excluded_lines": []}, "_parse_gut": {"executed_lines": [], "summary": {"covered_lines": 0, "num_statements": 7, "percent_covered": 0.0, "percent_covered_display": "0", "missing_lines": 7, "excluded_lines": 0}, "missing_lines": [231, 232, 236, 237, 238, 240, 249], "excluded_lines": []}, "_parse_rspec": {"executed_lines": [], "summary": {"covered_lines": 0, "num_statements": 10, "percent_covered": 0.0, "percent_covered_display": "0", "missing_lines": 10, "excluded_lines": 0}, "missing_lines": [254, 255, 259, 260, 261, 263, 264, 265, 267, 278], "excluded_lines": []}, "_parse_generic": {"executed_lines": [283, 286, 291, 292, 293, 294, 295, 296, 297, 304], "summary": {"covered_lines": 10, "num_statements": 10, "percent_covered": 100.0, "percent_covered_display": "100", "missing_lines": 0, "excluded_lines": 0}, "missing_lines": [], "excluded_lines": []}, "": {"executed_lines": [1, 7, 8, 11, 12, 13, 15, 16, 17, 18, 19, 20, 22, 30, 64, 81, 126, 170, 199, 229, 252, 281], "summary": {"covered_lines": 20, "num_statements": 20, "percent_covered": 100.0, "percent_covered_display": "100", "missing_lines": 0, "excluded_lines": 0}, "missing_lines": [], "excluded_lines": []}}, "classes": {"FailureReport": {"executed_lines": [24, 25, 26, 27], "summary": {"covered_lines": 4, "num_statements": 4, "percent_covered": 100.0, "percent_covered_display": "100", "missing_lines": 0, "excluded_lines": 0}, "missing_lines": [], "excluded_lines": []}, "": {"executed_lines": [1, 7, 8, 11, 12, 13, 15, 16, 17, 18, 19, 20, 22, 30, 43, 44, 46, 47, 49, 59, 60, 61, 64, 66, 67, 68, 70, 72, 74, 76, 78, 81, 83, 85, 89, 90, 91, 92, 93, 103, 115, 116, 123, 126, 128, 130, 131, 156, 157, 158, 159, 167, 170, 172, 173, 177, 178, 179, 181, 182, 183, 185, 196, 199, 229, 252, 281, 283, 286, 291, 292, 293, 294, 295, 296, 297, 304], "summary": {"covered_lines": 75, "num_statements": 124, "percent_covered": 60.483870967741936, "percent_covered_display": "60", "missing_lines": 49, "excluded_lines": 0}, "missing_lines": [69, 71, 73, 75, 77, 104, 105, 106, 117, 118, 119, 120, 121, 132, 133, 136, 137, 138, 141, 142, 144, 201, 202, 206, 207, 208, 210, 211, 212, 213, 215, 226, 231, 232, 236, 237, 238, 240, 249, 254, 255, 259, 260, 261, 263, 264, 265, 267, 278], "excluded_lines": []}}}, "aidlc/test_profiles.py": {"executed_lines": [1, 7, 8, 12, 82, 98, 114, 120, 123, 124, 125, 128, 129, 130, 131, 132, 135, 136, 137, 138, 139, 142, 143, 144, 145, 147, 148, 149, 151, 153, 154, 155, 163, 164, 165, 167], "summary": {"covered_lines": 35, "num_statements": 40, "percent_covered": 87.5, "percent_covered_display": "88", "missing_lines": 5, "excluded_lines": 0}, "missing_lines": [150, 152, 156, 157, 158], "excluded_lines": [], "functions": {"detect_test_profile": {"executed_lines": [120, 123, 124, 125, 128, 129, 130, 131, 132, 135, 136, 137, 138, 139, 142, 143, 144, 145, 147, 148, 149, 151, 153, 154, 155, 163, 164, 165, 167], "summary": {"covered_lines": 29, "num_statements": 34, "percent_covered": 85.29411764705883, "percent_covered_display": "85", "missing_lines": 5, "excluded_lines": 0}, "missing_lines": [150, 152, 156, 157, 158], "excluded_lines": []}, "": {"executed_lines": [1, 7, 8, 12, 82, 98, 114], "summary": {"covered_lines": 6, "num_statements": 6, "percent_covered": 100.0, "percent_covered_display": "100", "missing_lines": 0, "excluded_lines": 0}, "missing_lines": [], "excluded_lines": []}}, "classes": {"": {"executed_lines": [1, 7, 8, 12, 82, 98, 114, 120, 123, 124, 125, 128, 129, 130, 131, 132, 135, 136, 137, 138, 139, 142, 143, 144, 145, 147, 148, 149, 151, 153, 154, 155, 163, 164, 165, 167], "summary": {"covered_lines": 35, "num_statements": 40, "percent_covered": 87.5, "percent_covered_display": "88", "missing_lines": 5, "excluded_lines": 0}, "missing_lines": [150, 152, 156, 157, 158], "excluded_lines": []}}}, "aidlc/timing.py": {"executed_lines": [1, 3, 5, 8, 10], "summary": {"covered_lines": 4, "num_statements": 4, "percent_covered": 100.0, "percent_covered_display": "100", "missing_lines": 0, "excluded_lines": 0}, "missing_lines": [], "excluded_lines": [], "functions": {"add_console_time": {"executed_lines": [10], "summary": {"covered_lines": 1, "num_statements": 1, "percent_covered": 100.0, "percent_covered_display": "100", "missing_lines": 0, "excluded_lines": 0}, "missing_lines": [], "excluded_lines": []}, "": {"executed_lines": [1, 3, 5, 8], "summary": {"covered_lines": 3, "num_statements": 3, "percent_covered": 100.0, "percent_covered_display": "100", "missing_lines": 0, "excluded_lines": 0}, "missing_lines": [], "excluded_lines": []}}, "classes": {"": {"executed_lines": [1, 3, 5, 8, 10], "summary": {"covered_lines": 4, "num_statements": 4, "percent_covered": 100.0, "percent_covered_display": "100", "missing_lines": 0, "excluded_lines": 0}, "missing_lines": [], "excluded_lines": []}}}, "aidlc/validation_issues.py": {"executed_lines": [1, 3, 4, 7, 24, 25, 27, 28, 29, 32, 33, 34, 37, 38, 39, 41, 42, 47, 55, 57, 60, 62, 67, 68, 69, 70, 71, 72, 74, 75, 77, 80, 91], "summary": {"covered_lines": 32, "num_statements": 33, "percent_covered": 96.96969696969697, "percent_covered_display": "97", "missing_lines": 1, "excluded_lines": 0}, "missing_lines": [78], "excluded_lines": [], "functions": {"create_fix_issues": {"executed_lines": [24, 25, 27, 28, 29, 32, 33, 34, 37, 38, 39, 41, 42, 47, 55, 57], "summary": {"covered_lines": 16, "num_statements": 16, "percent_covered": 100.0, "percent_covered_display": "100", "missing_lines": 0, "excluded_lines": 0}, "missing_lines": [], "excluded_lines": []}, "_build_description": {"executed_lines": [62, 67, 68, 69, 70, 71, 72, 74, 75, 77, 80, 91], "summary": {"covered_lines": 12, "num_statements": 13, "percent_covered": 92.3076923076923, "percent_covered_display": "92", "missing_lines": 1, "excluded_lines": 0}, "missing_lines": [78], "excluded_lines": []}, "": {"executed_lines": [1, 3, 4, 7, 60], "summary": {"covered_lines": 4, "num_statements": 4, "percent_covered": 100.0, "percent_covered_display": "100", "missing_lines": 0, "excluded_lines": 0}, "missing_lines": [], "excluded_lines": []}}, "classes": {"": {"executed_lines": [1, 3, 4, 7, 24, 25, 27, 28, 29, 32, 33, 34, 37, 38, 39, 41, 42, 47, 55, 57, 60, 62, 67, 68, 69, 70, 71, 72, 74, 75, 77, 80, 91], "summary": {"covered_lines": 32, "num_statements": 33, "percent_covered": 96.96969696969697, "percent_covered_display": "97", "missing_lines": 1, "excluded_lines": 0}, "missing_lines": [78], "excluded_lines": []}}}, "aidlc/validator.py": {"executed_lines": [1, 7, 8, 9, 11, 12, 13, 14, 15, 16, 17, 20, 21, 23, 32, 33, 34, 35, 36, 37, 38, 41, 43, 44, 45, 46, 47, 48, 49, 51, 53, 54, 56, 57, 58, 61, 62, 63, 66, 69, 70, 71, 153, 155, 156, 157, 159, 160, 161, 164, 165, 167, 175, 176, 177, 178, 179, 180, 183, 191, 192, 195, 196, 200, 201, 203, 226, 256], "summary": {"covered_lines": 66, "num_statements": 136, "percent_covered": 48.529411764705884, "percent_covered_display": "49", "missing_lines": 70, "excluded_lines": 0}, "missing_lines": [73, 75, 76, 77, 80, 83, 91, 93, 94, 95, 97, 100, 101, 102, 106, 107, 110, 111, 112, 119, 120, 121, 124, 125, 126, 127, 130, 131, 132, 133, 135, 138, 139, 142, 143, 144, 145, 147, 151, 162, 182, 198, 205, 206, 207, 215, 216, 217, 218, 219, 220, 221, 222, 224, 228, 232, 233, 234, 236, 239, 249, 250, 251, 252, 253, 254, 258, 272, 273, 274], "excluded_lines": [], "functions": {"Validator.__init__": {"executed_lines": [32, 33, 34, 35, 36, 37, 38, 41, 43, 44, 45, 46, 47, 48, 49], "summary": {"covered_lines": 15, "num_statements": 15, "percent_covered": 100.0, "percent_covered_display": "100", "missing_lines": 0, "excluded_lines": 0}, "missing_lines": [], "excluded_lines": []}, "Validator.run": {"executed_lines": [53, 54, 56, 57, 58, 61, 62, 63, 66, 69, 70, 71], "summary": {"covered_lines": 12, "num_statements": 51, "percent_covered": 23.529411764705884, "percent_covered_display": "24", "missing_lines": 39, "excluded_lines": 0}, "missing_lines": [73, 75, 76, 77, 80, 83, 91, 93, 94, 95, 97, 100, 101, 102, 106, 107, 110, 111, 112, 119, 120, 121, 124, 125, 126, 127, 130, 131, 132, 133, 135, 138, 139, 142, 143, 144, 145, 147, 151], "excluded_lines": []}, "Validator._run_test_tiers": {"executed_lines": [155, 156, 157, 159, 160, 161, 164, 165, 167, 175, 176, 177, 178, 179, 180, 183, 191, 192, 195, 196, 200, 201], "summary": {"covered_lines": 22, "num_statements": 25, "percent_covered": 88.0, "percent_covered_display": "88", "missing_lines": 3, "excluded_lines": 0}, "missing_lines": [162, 182, 198], "excluded_lines": []}, "Validator._run_command": {"executed_lines": [], "summary": {"covered_lines": 0, "num_statements": 12, "percent_covered": 0.0, "percent_covered_display": "0", "missing_lines": 12, "excluded_lines": 0}, "missing_lines": [205, 206, 207, 215, 216, 217, 218, 219, 220, 221, 222, 224], "excluded_lines": []}, "Validator._implement_fixes": {"executed_lines": [], "summary": {"covered_lines": 0, "num_statements": 12, "percent_covered": 0.0, "percent_covered_display": "0", "missing_lines": 12, "excluded_lines": 0}, "missing_lines": [228, 232, 233, 234, 236, 239, 249, 250, 251, 252, 253, 254], "excluded_lines": []}, "Validator._render_fix_issue_md": {"executed_lines": [], "summary": {"covered_lines": 0, "num_statements": 4, "percent_covered": 0.0, "percent_covered_display": "0", "missing_lines": 4, "excluded_lines": 0}, "missing_lines": [258, 272, 273, 274], "excluded_lines": []}, "": {"executed_lines": [1, 7, 8, 9, 11, 12, 13, 14, 15, 16, 17, 20, 21, 23, 51, 153, 203, 226, 256], "summary": {"covered_lines": 17, "num_statements": 17, "percent_covered": 100.0, "percent_covered_display": "100", "missing_lines": 0, "excluded_lines": 0}, "missing_lines": [], "excluded_lines": []}}, "classes": {"Validator": {"executed_lines": [32, 33, 34, 35, 36, 37, 38, 41, 43, 44, 45, 46, 47, 48, 49, 53, 54, 56, 57, 58, 61, 62, 63, 66, 69, 70, 71, 155, 156, 157, 159, 160, 161, 164, 165, 167, 175, 176, 177, 178, 179, 180, 183, 191, 192, 195, 196, 200, 201], "summary": {"covered_lines": 49, "num_statements": 119, "percent_covered": 41.1764705882353, "percent_covered_display": "41", "missing_lines": 70, "excluded_lines": 0}, "missing_lines": [73, 75, 76, 77, 80, 83, 91, 93, 94, 95, 97, 100, 101, 102, 106, 107, 110, 111, 112, 119, 120, 121, 124, 125, 126, 127, 130, 131, 132, 133, 135, 138, 139, 142, 143, 144, 145, 147, 151, 162, 182, 198, 205, 206, 207, 215, 216, 217, 218, 219, 220, 221, 222, 224, 228, 232, 233, 234, 236, 239, 249, 250, 251, 252, 253, 254, 258, 272, 273, 274], "excluded_lines": []}, "": {"executed_lines": [1, 7, 8, 9, 11, 12, 13, 14, 15, 16, 17, 20, 21, 23, 51, 153, 203, 226, 256], "summary": {"covered_lines": 17, "num_statements": 17, "percent_covered": 100.0, "percent_covered_display": "100", "missing_lines": 0, "excluded_lines": 0}, "missing_lines": [], "excluded_lines": []}}}}, "totals": {"covered_lines": 4723, "num_statements": 7831, "percent_covered": 60.311582173413356, "percent_covered_display": "60", "missing_lines": 3108, "excluded_lines": 0}}